<?xml version="1.0" encoding="UTF-8"?>
<testsuite name="com.springbootstudy.book.springboot.domain.posts.PostRepositoryTest" tests="2" skipped="0" failures="0" errors="0" timestamp="2022-11-23T07:35:17" hostname="MINGYUPC" time="0.168">
  <properties/>
  <testcase name="게시글저장_불러오기" classname="com.springbootstudy.book.springboot.domain.posts.PostRepositoryTest" time="0.162"/>
  <testcase name="BaseTimeEntity_등록" classname="com.springbootstudy.book.springboot.domain.posts.PostRepositoryTest" time="0.006"/>
  <system-out><![CDATA[16:35:14.195 [Test worker] DEBUG org.springframework.test.context.junit4.SpringJUnit4ClassRunner - SpringJUnit4ClassRunner constructor called with [class com.springbootstudy.book.springboot.domain.posts.PostRepositoryTest]
16:35:14.200 [Test worker] DEBUG org.springframework.test.context.BootstrapUtils - Instantiating CacheAwareContextLoaderDelegate from class [org.springframework.test.context.cache.DefaultCacheAwareContextLoaderDelegate]
16:35:14.204 [Test worker] DEBUG org.springframework.test.context.BootstrapUtils - Instantiating BootstrapContext using constructor [public org.springframework.test.context.support.DefaultBootstrapContext(java.lang.Class,org.springframework.test.context.CacheAwareContextLoaderDelegate)]
16:35:14.214 [Test worker] DEBUG org.springframework.test.context.BootstrapUtils - Instantiating TestContextBootstrapper for test class [com.springbootstudy.book.springboot.domain.posts.PostRepositoryTest] from class [org.springframework.boot.test.context.SpringBootTestContextBootstrapper]
16:35:14.219 [Test worker] INFO org.springframework.boot.test.context.SpringBootTestContextBootstrapper - Neither @ContextConfiguration nor @ContextHierarchy found for test class [com.springbootstudy.book.springboot.domain.posts.PostRepositoryTest], using SpringBootContextLoader
16:35:14.221 [Test worker] DEBUG org.springframework.test.context.support.AbstractContextLoader - Did not detect default resource location for test class [com.springbootstudy.book.springboot.domain.posts.PostRepositoryTest]: class path resource [com/springbootstudy/book/springboot/domain/posts/PostRepositoryTest-context.xml] does not exist
16:35:14.221 [Test worker] DEBUG org.springframework.test.context.support.AbstractContextLoader - Did not detect default resource location for test class [com.springbootstudy.book.springboot.domain.posts.PostRepositoryTest]: class path resource [com/springbootstudy/book/springboot/domain/posts/PostRepositoryTestContext.groovy] does not exist
16:35:14.221 [Test worker] INFO org.springframework.test.context.support.AbstractContextLoader - Could not detect default resource locations for test class [com.springbootstudy.book.springboot.domain.posts.PostRepositoryTest]: no resource found for suffixes {-context.xml, Context.groovy}.
16:35:14.222 [Test worker] INFO org.springframework.test.context.support.AnnotationConfigContextLoaderUtils - Could not detect default configuration classes for test class [com.springbootstudy.book.springboot.domain.posts.PostRepositoryTest]: PostRepositoryTest does not declare any static, non-private, non-final, nested classes annotated with @Configuration.
16:35:14.252 [Test worker] DEBUG org.springframework.test.context.support.ActiveProfilesUtils - Could not find an 'annotation declaring class' for annotation type [org.springframework.test.context.ActiveProfiles] and class [com.springbootstudy.book.springboot.domain.posts.PostRepositoryTest]
16:35:14.296 [Test worker] DEBUG org.springframework.context.annotation.ClassPathScanningCandidateComponentProvider - Identified candidate component class: file [C:\SpringBootStudy\springbootstudy\build\classes\java\main\com\springbootstudy\book\springboot\Application.class]
16:35:14.297 [Test worker] INFO org.springframework.boot.test.context.SpringBootTestContextBootstrapper - Found @SpringBootConfiguration com.springbootstudy.book.springboot.Application for test class com.springbootstudy.book.springboot.domain.posts.PostRepositoryTest
16:35:14.345 [Test worker] DEBUG org.springframework.boot.test.context.SpringBootTestContextBootstrapper - @TestExecutionListeners is not present for class [com.springbootstudy.book.springboot.domain.posts.PostRepositoryTest]: using defaults.
16:35:14.346 [Test worker] INFO org.springframework.boot.test.context.SpringBootTestContextBootstrapper - Loaded default TestExecutionListener class names from location [META-INF/spring.factories]: [org.springframework.security.test.context.support.WithSecurityContextTestExecutionListener, org.springframework.security.test.context.support.ReactorContextTestExecutionListener, org.springframework.boot.test.autoconfigure.restdocs.RestDocsTestExecutionListener, org.springframework.boot.test.autoconfigure.web.client.MockRestServiceServerResetTestExecutionListener, org.springframework.boot.test.autoconfigure.web.servlet.MockMvcPrintOnlyOnFailureTestExecutionListener, org.springframework.boot.test.autoconfigure.web.servlet.WebDriverTestExecutionListener, org.springframework.boot.test.mock.mockito.MockitoTestExecutionListener, org.springframework.boot.test.mock.mockito.ResetMocksTestExecutionListener, org.springframework.test.context.web.ServletTestExecutionListener, org.springframework.test.context.support.DirtiesContextBeforeModesTestExecutionListener, org.springframework.test.context.support.DependencyInjectionTestExecutionListener, org.springframework.test.context.support.DirtiesContextTestExecutionListener, org.springframework.test.context.transaction.TransactionalTestExecutionListener, org.springframework.test.context.jdbc.SqlScriptsTestExecutionListener]
16:35:14.357 [Test worker] INFO org.springframework.boot.test.context.SpringBootTestContextBootstrapper - Using TestExecutionListeners: [org.springframework.test.context.web.ServletTestExecutionListener@62fad19, org.springframework.test.context.support.DirtiesContextBeforeModesTestExecutionListener@47dbb1e2, org.springframework.boot.test.mock.mockito.MockitoTestExecutionListener@74cadd41, org.springframework.boot.test.autoconfigure.SpringBootDependencyInjectionTestExecutionListener@2e54db99, org.springframework.test.context.support.DirtiesContextTestExecutionListener@55e8ec2f, org.springframework.test.context.transaction.TransactionalTestExecutionListener@4f2613d1, org.springframework.test.context.jdbc.SqlScriptsTestExecutionListener@6d24ffa1, org.springframework.security.test.context.support.WithSecurityContextTestExecutionListener@65a4798f, org.springframework.security.test.context.support.ReactorContextTestExecutionListener@773f7880, org.springframework.boot.test.autoconfigure.restdocs.RestDocsTestExecutionListener@878452d, org.springframework.boot.test.autoconfigure.web.client.MockRestServiceServerResetTestExecutionListener@426b6a74, org.springframework.boot.test.autoconfigure.web.servlet.MockMvcPrintOnlyOnFailureTestExecutionListener@4c51bb7, org.springframework.boot.test.autoconfigure.web.servlet.WebDriverTestExecutionListener@83298d7, org.springframework.boot.test.mock.mockito.ResetMocksTestExecutionListener@42a9e5d1]
16:35:14.359 [Test worker] DEBUG org.springframework.test.annotation.ProfileValueUtils - Retrieved @ProfileValueSourceConfiguration [null] for test class [com.springbootstudy.book.springboot.domain.posts.PostRepositoryTest]
16:35:14.360 [Test worker] DEBUG org.springframework.test.annotation.ProfileValueUtils - Retrieved ProfileValueSource type [class org.springframework.test.annotation.SystemProfileValueSource] for class [com.springbootstudy.book.springboot.domain.posts.PostRepositoryTest]
16:35:14.360 [Test worker] DEBUG org.springframework.test.annotation.ProfileValueUtils - Retrieved @ProfileValueSourceConfiguration [null] for test class [com.springbootstudy.book.springboot.domain.posts.PostRepositoryTest]
16:35:14.360 [Test worker] DEBUG org.springframework.test.annotation.ProfileValueUtils - Retrieved ProfileValueSource type [class org.springframework.test.annotation.SystemProfileValueSource] for class [com.springbootstudy.book.springboot.domain.posts.PostRepositoryTest]
16:35:14.363 [Test worker] DEBUG org.springframework.test.context.support.AbstractDirtiesContextTestExecutionListener - Before test class: context [DefaultTestContext@6a66a204 testClass = PostRepositoryTest, testInstance = [null], testMethod = [null], testException = [null], mergedContextConfiguration = [WebMergedContextConfiguration@5860f3d7 testClass = PostRepositoryTest, locations = '{}', classes = '{class com.springbootstudy.book.springboot.Application}', contextInitializerClasses = '[]', activeProfiles = '{}', propertySourceLocations = '{}', propertySourceProperties = '{org.springframework.boot.test.context.SpringBootTestContextBootstrapper=true}', contextCustomizers = set[org.springframework.boot.test.autoconfigure.properties.PropertyMappingContextCustomizer@0, org.springframework.boot.test.autoconfigure.web.servlet.WebDriverContextCustomizerFactory$Customizer@22f31dec, org.springframework.boot.test.context.filter.ExcludeFilterContextCustomizer@7f0d96f2, org.springframework.boot.test.json.DuplicateJsonObjectContextCustomizerFactory$DuplicateJsonObjectContextCustomizer@524f3b3a, org.springframework.boot.test.mock.mockito.MockitoContextCustomizer@0, org.springframework.boot.test.web.client.TestRestTemplateContextCustomizer@24ba9639], resourceBasePath = 'src/main/webapp', contextLoader = 'org.springframework.boot.test.context.SpringBootContextLoader', parent = [null]], attributes = map['org.springframework.test.context.web.ServletTestExecutionListener.activateListener' -> true]], class annotated with @DirtiesContext [false] with mode [null].
16:35:14.363 [Test worker] DEBUG org.springframework.test.annotation.ProfileValueUtils - Retrieved @ProfileValueSourceConfiguration [null] for test class [com.springbootstudy.book.springboot.domain.posts.PostRepositoryTest]
16:35:14.363 [Test worker] DEBUG org.springframework.test.annotation.ProfileValueUtils - Retrieved ProfileValueSource type [class org.springframework.test.annotation.SystemProfileValueSource] for class [com.springbootstudy.book.springboot.domain.posts.PostRepositoryTest]
16:35:14.375 [Test worker] DEBUG org.springframework.test.context.support.TestPropertySourceUtils - Adding inlined properties to environment: {spring.jmx.enabled=false, org.springframework.boot.test.context.SpringBootTestContextBootstrapper=true, server.port=-1}

  .   ____          _            __ _ _
 /\\ / ___'_ __ _ _(_)_ __  __ _ \ \ \ \
( ( )\___ | '_ | '_| | '_ \/ _` | \ \ \ \
 \\/  ___)| |_)| | | | | || (_| |  ) ) ) )
  '  |____| .__|_| |_|_| |_\__, | / / / /
 =========|_|==============|___/=/_/_/_/
 :: Spring Boot ::        (v2.1.7.RELEASE)

2022-11-23 16:35:14.585  INFO 39040 --- [    Test worker] c.s.b.s.domain.posts.PostRepositoryTest  : Starting PostRepositoryTest on MinGyuPC with PID 39040 (started by mingy in C:\SpringBootStudy\springbootstudy)
2022-11-23 16:35:14.586  INFO 39040 --- [    Test worker] c.s.b.s.domain.posts.PostRepositoryTest  : The following profiles are active: oauth
2022-11-23 16:35:15.173  INFO 39040 --- [    Test worker] .s.d.r.c.RepositoryConfigurationDelegate : Bootstrapping Spring Data repositories in DEFAULT mode.
2022-11-23 16:35:15.229  INFO 39040 --- [    Test worker] .s.d.r.c.RepositoryConfigurationDelegate : Finished Spring Data repository scanning in 50ms. Found 2 repository interfaces.
2022-11-23 16:35:15.534  INFO 39040 --- [    Test worker] trationDelegate$BeanPostProcessorChecker : Bean 'org.springframework.transaction.annotation.ProxyTransactionManagementConfiguration' of type [org.springframework.transaction.annotation.ProxyTransactionManagementConfiguration$$EnhancerBySpringCGLIB$$db4f4820] is not eligible for getting processed by all BeanPostProcessors (for example: not eligible for auto-proxying)
2022-11-23 16:35:15.663  INFO 39040 --- [    Test worker] com.zaxxer.hikari.HikariDataSource       : HikariPool-1 - Starting...
2022-11-23 16:35:15.776  INFO 39040 --- [    Test worker] com.zaxxer.hikari.HikariDataSource       : HikariPool-1 - Start completed.
2022-11-23 16:35:15.840  INFO 39040 --- [    Test worker] o.hibernate.jpa.internal.util.LogHelper  : HHH000204: Processing PersistenceUnitInfo [
	name: default
	...]
2022-11-23 16:35:15.902  INFO 39040 --- [    Test worker] org.hibernate.Version                    : HHH000412: Hibernate Core {5.3.10.Final}
2022-11-23 16:35:15.904  INFO 39040 --- [    Test worker] org.hibernate.cfg.Environment            : HHH000206: hibernate.properties not found
2022-11-23 16:35:16.043  INFO 39040 --- [    Test worker] o.hibernate.annotations.common.Version   : HCANN000001: Hibernate Commons Annotations {5.0.4.Final}
2022-11-23 16:35:16.163  INFO 39040 --- [    Test worker] org.hibernate.dialect.Dialect            : HHH000400: Using dialect: org.hibernate.dialect.MySQL5InnoDBDialect
Hibernate: drop table if exists posts
Hibernate: drop table if exists user
Hibernate: create table posts (id bigint not null auto_increment, created_date datetime, modified_date datetime, author varchar(255), content TEXT not null, title varchar(500) not null, primary key (id)) engine=InnoDB
Hibernate: create table user (id bigint not null auto_increment, created_date datetime, modified_date datetime, email varchar(255) not null, name varchar(255) not null, picture varchar(255), role varchar(255) not null, primary key (id)) engine=InnoDB
2022-11-23 16:35:16.593  INFO 39040 --- [    Test worker] o.h.t.schema.internal.SchemaCreatorImpl  : HHH000476: Executing import script 'org.hibernate.tool.schema.internal.exec.ScriptSourceInputNonExistentImpl@39004e4f'
2022-11-23 16:35:16.595  INFO 39040 --- [    Test worker] j.LocalContainerEntityManagerFactoryBean : Initialized JPA EntityManagerFactory for persistence unit 'default'
2022-11-23 16:35:16.958  INFO 39040 --- [    Test worker] o.h.h.i.QueryTranslatorFactoryInitiator  : HHH000397: Using ASTQueryTranslatorFactory
2022-11-23 16:35:17.232  INFO 39040 --- [    Test worker] o.s.s.web.DefaultSecurityFilterChain     : Creating filter chain: any request, [org.springframework.security.web.context.request.async.WebAsyncManagerIntegrationFilter@2a5ed225, org.springframework.security.web.context.SecurityContextPersistenceFilter@4feaa4b8, org.springframework.security.web.header.HeaderWriterFilter@45964b9e, org.springframework.security.web.authentication.logout.LogoutFilter@1a22c1ba, org.springframework.security.oauth2.client.web.OAuth2AuthorizationRequestRedirectFilter@53b7f08, org.springframework.security.oauth2.client.web.OAuth2LoginAuthenticationFilter@51a69e8f, org.springframework.security.web.authentication.ui.DefaultLoginPageGeneratingFilter@7df23848, org.springframework.security.web.authentication.ui.DefaultLogoutPageGeneratingFilter@2a525f88, org.springframework.security.web.savedrequest.RequestCacheAwareFilter@6a261998, org.springframework.security.web.servletapi.SecurityContextHolderAwareRequestFilter@87f1201, org.springframework.security.web.authentication.AnonymousAuthenticationFilter@1cf4d454, org.springframework.security.web.session.SessionManagementFilter@1afabf06, org.springframework.security.web.access.ExceptionTranslationFilter@3d213a2b, org.springframework.security.web.access.intercept.FilterSecurityInterceptor@7be1e187]
2022-11-23 16:35:17.646  INFO 39040 --- [    Test worker] o.s.s.concurrent.ThreadPoolTaskExecutor  : Initializing ExecutorService 'applicationTaskExecutor'
2022-11-23 16:35:17.684  WARN 39040 --- [    Test worker] aWebConfiguration$JpaWebMvcConfiguration : spring.jpa.open-in-view is enabled by default. Therefore, database queries may be performed during view rendering. Explicitly configure spring.jpa.open-in-view to disable this warning
2022-11-23 16:35:17.712  INFO 39040 --- [    Test worker] o.s.b.a.w.s.WelcomePageHandlerMapping    : Adding welcome page template: index
2022-11-23 16:35:17.968  INFO 39040 --- [    Test worker] s.a.ScheduledAnnotationBeanPostProcessor : No TaskScheduler/ScheduledExecutorService bean found for scheduled processing
2022-11-23 16:35:17.975  INFO 39040 --- [    Test worker] c.s.b.s.domain.posts.PostRepositoryTest  : Started PostRepositoryTest in 3.591 seconds (JVM running for 4.51)
Hibernate: insert into posts (created_date, modified_date, author, content, title) values (?, ?, ?, ?, ?)
Hibernate: select posts0_.id as id1_0_, posts0_.created_date as created_2_0_, posts0_.modified_date as modified3_0_, posts0_.author as author4_0_, posts0_.content as content5_0_, posts0_.title as title6_0_ from posts posts0_
Hibernate: select posts0_.id as id1_0_, posts0_.created_date as created_2_0_, posts0_.modified_date as modified3_0_, posts0_.author as author4_0_, posts0_.content as content5_0_, posts0_.title as title6_0_ from posts posts0_
Hibernate: delete from posts where id=?
Hibernate: insert into posts (created_date, modified_date, author, content, title) values (?, ?, ?, ?, ?)
Hibernate: select posts0_.id as id1_0_, posts0_.created_date as created_2_0_, posts0_.modified_date as modified3_0_, posts0_.author as author4_0_, posts0_.content as content5_0_, posts0_.title as title6_0_ from posts posts0_
>>>>>> createDate = 2022-11-23T16:35:18.155136, modifiedDate = 2022-11-23T16:35:18.155136
Hibernate: select posts0_.id as id1_0_, posts0_.created_date as created_2_0_, posts0_.modified_date as modified3_0_, posts0_.author as author4_0_, posts0_.content as content5_0_, posts0_.title as title6_0_ from posts posts0_
Hibernate: delete from posts where id=?
]]></system-out>
  <system-err><![CDATA[]]></system-err>
</testsuite>
