<?xml version="1.0" encoding="UTF-8"?>
<testsuite name="com.springbootstudy.book.springboot.service.posts.PostsApiControllerTest" tests="2" skipped="0" failures="0" errors="0" timestamp="2022-11-17T09:29:07" hostname="MINGYUPC" time="0.068">
  <properties/>
  <testcase name="Posts_등록된다" classname="com.springbootstudy.book.springboot.service.posts.PostsApiControllerTest" time="0.051"/>
  <testcase name="Posts_수정된다" classname="com.springbootstudy.book.springboot.service.posts.PostsApiControllerTest" time="0.017"/>
  <system-out><![CDATA[2022-11-17 18:29:06.705  INFO 35672 --- [    Test worker] .b.t.c.SpringBootTestContextBootstrapper : Neither @ContextConfiguration nor @ContextHierarchy found for test class [com.springbootstudy.book.springboot.service.posts.PostsApiControllerTest], using SpringBootContextLoader
2022-11-17 18:29:06.706  INFO 35672 --- [    Test worker] o.s.t.c.support.AbstractContextLoader    : Could not detect default resource locations for test class [com.springbootstudy.book.springboot.service.posts.PostsApiControllerTest]: no resource found for suffixes {-context.xml, Context.groovy}.
2022-11-17 18:29:06.706  INFO 35672 --- [    Test worker] t.c.s.AnnotationConfigContextLoaderUtils : Could not detect default configuration classes for test class [com.springbootstudy.book.springboot.service.posts.PostsApiControllerTest]: PostsApiControllerTest does not declare any static, non-private, non-final, nested classes annotated with @Configuration.
2022-11-17 18:29:06.709  INFO 35672 --- [    Test worker] .b.t.c.SpringBootTestContextBootstrapper : Found @SpringBootConfiguration com.springbootstudy.book.springboot.Application for test class com.springbootstudy.book.springboot.service.posts.PostsApiControllerTest
2022-11-17 18:29:06.710  INFO 35672 --- [    Test worker] .b.t.c.SpringBootTestContextBootstrapper : Loaded default TestExecutionListener class names from location [META-INF/spring.factories]: [org.springframework.security.test.context.support.WithSecurityContextTestExecutionListener, org.springframework.security.test.context.support.ReactorContextTestExecutionListener, org.springframework.boot.test.autoconfigure.restdocs.RestDocsTestExecutionListener, org.springframework.boot.test.autoconfigure.web.client.MockRestServiceServerResetTestExecutionListener, org.springframework.boot.test.autoconfigure.web.servlet.MockMvcPrintOnlyOnFailureTestExecutionListener, org.springframework.boot.test.autoconfigure.web.servlet.WebDriverTestExecutionListener, org.springframework.boot.test.mock.mockito.MockitoTestExecutionListener, org.springframework.boot.test.mock.mockito.ResetMocksTestExecutionListener, org.springframework.test.context.web.ServletTestExecutionListener, org.springframework.test.context.support.DirtiesContextBeforeModesTestExecutionListener, org.springframework.test.context.support.DependencyInjectionTestExecutionListener, org.springframework.test.context.support.DirtiesContextTestExecutionListener, org.springframework.test.context.transaction.TransactionalTestExecutionListener, org.springframework.test.context.jdbc.SqlScriptsTestExecutionListener]
2022-11-17 18:29:06.710  INFO 35672 --- [    Test worker] .b.t.c.SpringBootTestContextBootstrapper : Using TestExecutionListeners: [org.springframework.test.context.web.ServletTestExecutionListener@7200702, org.springframework.test.context.support.DirtiesContextBeforeModesTestExecutionListener@3eb29382, org.springframework.boot.test.mock.mockito.MockitoTestExecutionListener@209baf91, org.springframework.boot.test.autoconfigure.SpringBootDependencyInjectionTestExecutionListener@5e1d3188, org.springframework.test.context.support.DirtiesContextTestExecutionListener@5982255e, org.springframework.test.context.transaction.TransactionalTestExecutionListener@7306836f, org.springframework.test.context.jdbc.SqlScriptsTestExecutionListener@e9c5db9, org.springframework.security.test.context.support.WithSecurityContextTestExecutionListener@393aac93, org.springframework.security.test.context.support.ReactorContextTestExecutionListener@71dac63f, org.springframework.boot.test.autoconfigure.restdocs.RestDocsTestExecutionListener@36003e90, org.springframework.boot.test.autoconfigure.web.client.MockRestServiceServerResetTestExecutionListener@5a1ddc7c, org.springframework.boot.test.autoconfigure.web.servlet.MockMvcPrintOnlyOnFailureTestExecutionListener@362fbd98, org.springframework.boot.test.autoconfigure.web.servlet.WebDriverTestExecutionListener@11e36e5c, org.springframework.boot.test.mock.mockito.ResetMocksTestExecutionListener@2620264e]

  .   ____          _            __ _ _
 /\\ / ___'_ __ _ _(_)_ __  __ _ \ \ \ \
( ( )\___ | '_ | '_| | '_ \/ _` | \ \ \ \
 \\/  ___)| |_)| | | | | || (_| |  ) ) ) )
  '  |____| .__|_| |_|_| |_\__, | / / / /
 =========|_|==============|___/=/_/_/_/
 :: Spring Boot ::        (v2.1.7.RELEASE)

2022-11-17 18:29:06.726  INFO 35672 --- [    Test worker] c.s.b.s.s.posts.PostsApiControllerTest   : Starting PostsApiControllerTest on MinGyuPC with PID 35672 (started by mingy in C:\SpringBootStudy\springbootstudy)
2022-11-17 18:29:06.726  INFO 35672 --- [    Test worker] c.s.b.s.s.posts.PostsApiControllerTest   : The following profiles are active: oauth
2022-11-17 18:29:06.825  INFO 35672 --- [    Test worker] .s.d.r.c.RepositoryConfigurationDelegate : Bootstrapping Spring Data repositories in DEFAULT mode.
2022-11-17 18:29:06.837  INFO 35672 --- [    Test worker] .s.d.r.c.RepositoryConfigurationDelegate : Finished Spring Data repository scanning in 12ms. Found 2 repository interfaces.
2022-11-17 18:29:06.891  INFO 35672 --- [    Test worker] trationDelegate$BeanPostProcessorChecker : Bean 'org.springframework.transaction.annotation.ProxyTransactionManagementConfiguration' of type [org.springframework.transaction.annotation.ProxyTransactionManagementConfiguration$$EnhancerBySpringCGLIB$$41bfc57b] is not eligible for getting processed by all BeanPostProcessors (for example: not eligible for auto-proxying)
2022-11-17 18:29:07.012  INFO 35672 --- [    Test worker] o.s.b.w.embedded.tomcat.TomcatWebServer  : Tomcat initialized with port(s): 0 (http)
2022-11-17 18:29:07.032  INFO 35672 --- [    Test worker] o.apache.catalina.core.StandardService   : Starting service [Tomcat]
2022-11-17 18:29:07.032  INFO 35672 --- [    Test worker] org.apache.catalina.core.StandardEngine  : Starting Servlet engine: [Apache Tomcat/9.0.22]
2022-11-17 18:29:07.131  INFO 35672 --- [    Test worker] o.a.c.c.C.[Tomcat].[localhost].[/]       : Initializing Spring embedded WebApplicationContext
2022-11-17 18:29:07.131  INFO 35672 --- [    Test worker] o.s.web.context.ContextLoader            : Root WebApplicationContext: initialization completed in 404 ms
2022-11-17 18:29:07.204  INFO 35672 --- [    Test worker] com.zaxxer.hikari.HikariDataSource       : HikariPool-2 - Starting...
2022-11-17 18:29:07.205  INFO 35672 --- [    Test worker] com.zaxxer.hikari.HikariDataSource       : HikariPool-2 - Start completed.
2022-11-17 18:29:07.216  INFO 35672 --- [    Test worker] o.hibernate.jpa.internal.util.LogHelper  : HHH000204: Processing PersistenceUnitInfo [
	name: default
	...]
2022-11-17 18:29:07.221  INFO 35672 --- [    Test worker] org.hibernate.dialect.Dialect            : HHH000400: Using dialect: org.hibernate.dialect.MySQL5InnoDBDialect
Hibernate: drop table if exists posts
Hibernate: drop table if exists user
Hibernate: create table posts (id bigint not null auto_increment, created_date datetime, modified_date datetime, author varchar(255), content TEXT not null, title varchar(500) not null, primary key (id)) engine=InnoDB
Hibernate: create table user (id bigint not null auto_increment, created_date datetime, modified_date datetime, email varchar(255) not null, name varchar(255) not null, picture varchar(255), role varchar(255) not null, primary key (id)) engine=InnoDB
2022-11-17 18:29:07.246  INFO 35672 --- [    Test worker] o.h.t.schema.internal.SchemaCreatorImpl  : HHH000476: Executing import script 'org.hibernate.tool.schema.internal.exec.ScriptSourceInputNonExistentImpl@66e62e19'
2022-11-17 18:29:07.246  INFO 35672 --- [    Test worker] j.LocalContainerEntityManagerFactoryBean : Initialized JPA EntityManagerFactory for persistence unit 'default'
2022-11-17 18:29:07.368  INFO 35672 --- [    Test worker] o.h.h.i.QueryTranslatorFactoryInitiator  : HHH000397: Using ASTQueryTranslatorFactory
2022-11-17 18:29:07.416  INFO 35672 --- [    Test worker] o.s.s.web.DefaultSecurityFilterChain     : Creating filter chain: any request, [org.springframework.security.web.context.request.async.WebAsyncManagerIntegrationFilter@1fa35f7e, org.springframework.security.web.context.SecurityContextPersistenceFilter@6f8fa77a, org.springframework.security.web.header.HeaderWriterFilter@457f43a2, org.springframework.security.web.authentication.logout.LogoutFilter@4fe03c06, org.springframework.security.oauth2.client.web.OAuth2AuthorizationRequestRedirectFilter@2de3ac17, org.springframework.security.oauth2.client.web.OAuth2LoginAuthenticationFilter@4c683777, org.springframework.security.web.authentication.ui.DefaultLoginPageGeneratingFilter@5d46f4a3, org.springframework.security.web.authentication.ui.DefaultLogoutPageGeneratingFilter@7df0bb1, org.springframework.security.web.savedrequest.RequestCacheAwareFilter@14d44e72, org.springframework.security.web.servletapi.SecurityContextHolderAwareRequestFilter@2b097d19, org.springframework.security.web.authentication.AnonymousAuthenticationFilter@37ec9c49, org.springframework.security.web.session.SessionManagementFilter@4016d5fe, org.springframework.security.web.access.ExceptionTranslationFilter@72412c3d, org.springframework.security.web.access.intercept.FilterSecurityInterceptor@5bf86398]
2022-11-17 18:29:07.474  INFO 35672 --- [    Test worker] o.s.s.concurrent.ThreadPoolTaskExecutor  : Initializing ExecutorService 'applicationTaskExecutor'
2022-11-17 18:29:07.478  WARN 35672 --- [    Test worker] aWebConfiguration$JpaWebMvcConfiguration : spring.jpa.open-in-view is enabled by default. Therefore, database queries may be performed during view rendering. Explicitly configure spring.jpa.open-in-view to disable this warning
2022-11-17 18:29:07.486  INFO 35672 --- [    Test worker] o.s.b.a.w.s.WelcomePageHandlerMapping    : Adding welcome page template: index
2022-11-17 18:29:07.595  INFO 35672 --- [    Test worker] s.a.ScheduledAnnotationBeanPostProcessor : No TaskScheduler/ScheduledExecutorService bean found for scheduled processing
2022-11-17 18:29:07.607  INFO 35672 --- [    Test worker] o.s.b.w.embedded.tomcat.TomcatWebServer  : Tomcat started on port(s): 61955 (http) with context path ''
2022-11-17 18:29:07.607  INFO 35672 --- [    Test worker] c.s.b.s.s.posts.PostsApiControllerTest   : Started PostsApiControllerTest in 0.896 seconds (JVM running for 5.209)
2022-11-17 18:29:07.616  INFO 35672 --- [    Test worker] o.a.c.c.C.[Tomcat].[localhost].[/]       : Initializing Spring TestDispatcherServlet ''
2022-11-17 18:29:07.616  INFO 35672 --- [    Test worker] o.s.t.web.servlet.TestDispatcherServlet  : Initializing Servlet ''
2022-11-17 18:29:07.620  INFO 35672 --- [    Test worker] o.s.t.web.servlet.TestDispatcherServlet  : Completed initialization in 4 ms
Hibernate: insert into posts (created_date, modified_date, author, content, title) values (?, ?, ?, ?, ?)
Hibernate: select posts0_.id as id1_0_, posts0_.created_date as created_2_0_, posts0_.modified_date as modified3_0_, posts0_.author as author4_0_, posts0_.content as content5_0_, posts0_.title as title6_0_ from posts posts0_
Hibernate: select posts0_.id as id1_0_, posts0_.created_date as created_2_0_, posts0_.modified_date as modified3_0_, posts0_.author as author4_0_, posts0_.content as content5_0_, posts0_.title as title6_0_ from posts posts0_
Hibernate: delete from posts where id=?
2022-11-17 18:29:07.664  INFO 35672 --- [    Test worker] o.a.c.c.C.[Tomcat].[localhost].[/]       : Initializing Spring TestDispatcherServlet ''
2022-11-17 18:29:07.664  INFO 35672 --- [    Test worker] o.s.t.web.servlet.TestDispatcherServlet  : Initializing Servlet ''
2022-11-17 18:29:07.666  INFO 35672 --- [    Test worker] o.s.t.web.servlet.TestDispatcherServlet  : Completed initialization in 2 ms
Hibernate: insert into posts (created_date, modified_date, author, content, title) values (?, ?, ?, ?, ?)
Hibernate: select posts0_.id as id1_0_0_, posts0_.created_date as created_2_0_0_, posts0_.modified_date as modified3_0_0_, posts0_.author as author4_0_0_, posts0_.content as content5_0_0_, posts0_.title as title6_0_0_ from posts posts0_ where posts0_.id=?
Hibernate: update posts set created_date=?, modified_date=?, author=?, content=?, title=? where id=?
Hibernate: select posts0_.id as id1_0_, posts0_.created_date as created_2_0_, posts0_.modified_date as modified3_0_, posts0_.author as author4_0_, posts0_.content as content5_0_, posts0_.title as title6_0_ from posts posts0_
Hibernate: select posts0_.id as id1_0_, posts0_.created_date as created_2_0_, posts0_.modified_date as modified3_0_, posts0_.author as author4_0_, posts0_.content as content5_0_, posts0_.title as title6_0_ from posts posts0_
Hibernate: delete from posts where id=?
]]></system-out>
  <system-err><![CDATA[]]></system-err>
</testsuite>
