<?xml version="1.0" encoding="UTF-8"?>
<testsuite name="com.springbootstudy.book.springboot.web.IndexControllerTest" tests="1" skipped="0" failures="0" errors="0" timestamp="2022-11-20T11:32:18" hostname="MINGYUPC" time="0.411">
  <properties/>
  <testcase name="메인페이지_로딩" classname="com.springbootstudy.book.springboot.web.IndexControllerTest" time="0.411"/>
  <system-out><![CDATA[2022-11-20 20:32:18.078  INFO 31792 --- [    Test worker] .b.t.c.SpringBootTestContextBootstrapper : Neither @ContextConfiguration nor @ContextHierarchy found for test class [com.springbootstudy.book.springboot.web.IndexControllerTest], using SpringBootContextLoader
2022-11-20 20:32:18.081  INFO 31792 --- [    Test worker] o.s.t.c.support.AbstractContextLoader    : Could not detect default resource locations for test class [com.springbootstudy.book.springboot.web.IndexControllerTest]: no resource found for suffixes {-context.xml, Context.groovy}.
2022-11-20 20:32:18.081  INFO 31792 --- [    Test worker] t.c.s.AnnotationConfigContextLoaderUtils : Could not detect default configuration classes for test class [com.springbootstudy.book.springboot.web.IndexControllerTest]: IndexControllerTest does not declare any static, non-private, non-final, nested classes annotated with @Configuration.
2022-11-20 20:32:18.084  INFO 31792 --- [    Test worker] .b.t.c.SpringBootTestContextBootstrapper : Found @SpringBootConfiguration com.springbootstudy.book.springboot.Application for test class com.springbootstudy.book.springboot.web.IndexControllerTest
2022-11-20 20:32:18.086  INFO 31792 --- [    Test worker] .b.t.c.SpringBootTestContextBootstrapper : Loaded default TestExecutionListener class names from location [META-INF/spring.factories]: [org.springframework.security.test.context.support.WithSecurityContextTestExecutionListener, org.springframework.security.test.context.support.ReactorContextTestExecutionListener, org.springframework.boot.test.autoconfigure.restdocs.RestDocsTestExecutionListener, org.springframework.boot.test.autoconfigure.web.client.MockRestServiceServerResetTestExecutionListener, org.springframework.boot.test.autoconfigure.web.servlet.MockMvcPrintOnlyOnFailureTestExecutionListener, org.springframework.boot.test.autoconfigure.web.servlet.WebDriverTestExecutionListener, org.springframework.boot.test.mock.mockito.MockitoTestExecutionListener, org.springframework.boot.test.mock.mockito.ResetMocksTestExecutionListener, org.springframework.test.context.web.ServletTestExecutionListener, org.springframework.test.context.support.DirtiesContextBeforeModesTestExecutionListener, org.springframework.test.context.support.DependencyInjectionTestExecutionListener, org.springframework.test.context.support.DirtiesContextTestExecutionListener, org.springframework.test.context.transaction.TransactionalTestExecutionListener, org.springframework.test.context.jdbc.SqlScriptsTestExecutionListener]
2022-11-20 20:32:18.087  INFO 31792 --- [    Test worker] .b.t.c.SpringBootTestContextBootstrapper : Using TestExecutionListeners: [org.springframework.test.context.web.ServletTestExecutionListener@61cf142f, org.springframework.test.context.support.DirtiesContextBeforeModesTestExecutionListener@631bb90c, org.springframework.boot.test.mock.mockito.MockitoTestExecutionListener@5c902a83, org.springframework.boot.test.autoconfigure.SpringBootDependencyInjectionTestExecutionListener@10f7bc42, org.springframework.test.context.support.DirtiesContextTestExecutionListener@980ac1f, org.springframework.test.context.transaction.TransactionalTestExecutionListener@37edb7fa, org.springframework.test.context.jdbc.SqlScriptsTestExecutionListener@6af447b6, org.springframework.security.test.context.support.WithSecurityContextTestExecutionListener@47cce306, org.springframework.security.test.context.support.ReactorContextTestExecutionListener@4ba04fb4, org.springframework.boot.test.autoconfigure.restdocs.RestDocsTestExecutionListener@11a8735d, org.springframework.boot.test.autoconfigure.web.client.MockRestServiceServerResetTestExecutionListener@59294f29, org.springframework.boot.test.autoconfigure.web.servlet.MockMvcPrintOnlyOnFailureTestExecutionListener@795d43d9, org.springframework.boot.test.autoconfigure.web.servlet.WebDriverTestExecutionListener@30c96ea9, org.springframework.boot.test.mock.mockito.ResetMocksTestExecutionListener@62a9d176]
2022-11-20 20:32:18.297  INFO 31792 --- [o-auto-1-exec-1] o.a.c.c.C.[Tomcat].[localhost].[/]       : Initializing Spring DispatcherServlet 'dispatcherServlet'
2022-11-20 20:32:18.301  INFO 31792 --- [o-auto-1-exec-1] o.s.web.servlet.DispatcherServlet        : Initializing Servlet 'dispatcherServlet'
2022-11-20 20:32:18.308  INFO 31792 --- [o-auto-1-exec-1] o.s.web.servlet.DispatcherServlet        : Completed initialization in 7 ms
Hibernate: select posts0_.id as id1_0_, posts0_.created_date as created_2_0_, posts0_.modified_date as modified3_0_, posts0_.author as author4_0_, posts0_.content as content5_0_, posts0_.title as title6_0_ from posts posts0_ order by posts0_.id desc
]]></system-out>
  <system-err><![CDATA[]]></system-err>
</testsuite>
