<?xml version="1.0" encoding="UTF-8"?>
<testsuite name="com.springbootstudy.book.springboot.web.IndexControllerTest" tests="1" skipped="0" failures="0" errors="0" timestamp="2022-11-23T07:35:19" hostname="MINGYUPC" time="0.09">
  <properties/>
  <testcase name="메인페이지_로딩" classname="com.springbootstudy.book.springboot.web.IndexControllerTest" time="0.09"/>
  <system-out><![CDATA[2022-11-23 16:35:19.746  INFO 39040 --- [    Test worker] .b.t.c.SpringBootTestContextBootstrapper : Neither @ContextConfiguration nor @ContextHierarchy found for test class [com.springbootstudy.book.springboot.web.IndexControllerTest], using SpringBootContextLoader
2022-11-23 16:35:19.746  INFO 39040 --- [    Test worker] o.s.t.c.support.AbstractContextLoader    : Could not detect default resource locations for test class [com.springbootstudy.book.springboot.web.IndexControllerTest]: no resource found for suffixes {-context.xml, Context.groovy}.
2022-11-23 16:35:19.746  INFO 39040 --- [    Test worker] t.c.s.AnnotationConfigContextLoaderUtils : Could not detect default configuration classes for test class [com.springbootstudy.book.springboot.web.IndexControllerTest]: IndexControllerTest does not declare any static, non-private, non-final, nested classes annotated with @Configuration.
2022-11-23 16:35:19.747  INFO 39040 --- [    Test worker] .b.t.c.SpringBootTestContextBootstrapper : Found @SpringBootConfiguration com.springbootstudy.book.springboot.Application for test class com.springbootstudy.book.springboot.web.IndexControllerTest
2022-11-23 16:35:19.748  INFO 39040 --- [    Test worker] .b.t.c.SpringBootTestContextBootstrapper : Loaded default TestExecutionListener class names from location [META-INF/spring.factories]: [org.springframework.security.test.context.support.WithSecurityContextTestExecutionListener, org.springframework.security.test.context.support.ReactorContextTestExecutionListener, org.springframework.boot.test.autoconfigure.restdocs.RestDocsTestExecutionListener, org.springframework.boot.test.autoconfigure.web.client.MockRestServiceServerResetTestExecutionListener, org.springframework.boot.test.autoconfigure.web.servlet.MockMvcPrintOnlyOnFailureTestExecutionListener, org.springframework.boot.test.autoconfigure.web.servlet.WebDriverTestExecutionListener, org.springframework.boot.test.mock.mockito.MockitoTestExecutionListener, org.springframework.boot.test.mock.mockito.ResetMocksTestExecutionListener, org.springframework.test.context.web.ServletTestExecutionListener, org.springframework.test.context.support.DirtiesContextBeforeModesTestExecutionListener, org.springframework.test.context.support.DependencyInjectionTestExecutionListener, org.springframework.test.context.support.DirtiesContextTestExecutionListener, org.springframework.test.context.transaction.TransactionalTestExecutionListener, org.springframework.test.context.jdbc.SqlScriptsTestExecutionListener]
2022-11-23 16:35:19.748  INFO 39040 --- [    Test worker] .b.t.c.SpringBootTestContextBootstrapper : Using TestExecutionListeners: [org.springframework.test.context.web.ServletTestExecutionListener@173e4b75, org.springframework.test.context.support.DirtiesContextBeforeModesTestExecutionListener@78f2cab9, org.springframework.boot.test.mock.mockito.MockitoTestExecutionListener@32441ed4, org.springframework.boot.test.autoconfigure.SpringBootDependencyInjectionTestExecutionListener@3fc2197d, org.springframework.test.context.support.DirtiesContextTestExecutionListener@5a429813, org.springframework.test.context.transaction.TransactionalTestExecutionListener@348b26e0, org.springframework.test.context.jdbc.SqlScriptsTestExecutionListener@26ab3c1b, org.springframework.security.test.context.support.WithSecurityContextTestExecutionListener@98dc042, org.springframework.security.test.context.support.ReactorContextTestExecutionListener@47c14360, org.springframework.boot.test.autoconfigure.restdocs.RestDocsTestExecutionListener@2a90c15e, org.springframework.boot.test.autoconfigure.web.client.MockRestServiceServerResetTestExecutionListener@55a46bf3, org.springframework.boot.test.autoconfigure.web.servlet.MockMvcPrintOnlyOnFailureTestExecutionListener@324c3ed5, org.springframework.boot.test.autoconfigure.web.servlet.WebDriverTestExecutionListener@7f5ba1bf, org.springframework.boot.test.mock.mockito.ResetMocksTestExecutionListener@536d153b]
2022-11-23 16:35:19.798  INFO 39040 --- [o-auto-1-exec-1] o.a.c.c.C.[Tomcat].[localhost].[/]       : Initializing Spring DispatcherServlet 'dispatcherServlet'
2022-11-23 16:35:19.798  INFO 39040 --- [o-auto-1-exec-1] o.s.web.servlet.DispatcherServlet        : Initializing Servlet 'dispatcherServlet'
2022-11-23 16:35:19.801  INFO 39040 --- [o-auto-1-exec-1] o.s.web.servlet.DispatcherServlet        : Completed initialization in 3 ms
Hibernate: select posts0_.id as id1_0_, posts0_.created_date as created_2_0_, posts0_.modified_date as modified3_0_, posts0_.author as author4_0_, posts0_.content as content5_0_, posts0_.title as title6_0_ from posts posts0_ order by posts0_.id desc
]]></system-out>
  <system-err><![CDATA[]]></system-err>
</testsuite>
