<?xml version="1.0" encoding="UTF-8"?>
<testsuite name="com.springbootstudy.book.springboot.web.HelloControllerTest" tests="2" skipped="0" failures="0" errors="0" timestamp="2022-11-23T06:49:46" hostname="MINGYUPC" time="0.023">
  <properties/>
  <testcase name="hello가_리턴된다" classname="com.springbootstudy.book.springboot.web.HelloControllerTest" time="0.008"/>
  <testcase name="helloDto가_리턴된다" classname="com.springbootstudy.book.springboot.web.HelloControllerTest" time="0.014"/>
  <system-out><![CDATA[2022-11-23 15:49:45.888  INFO 16516 --- [    Test worker] .b.t.a.w.s.WebMvcTestContextBootstrapper : Neither @ContextConfiguration nor @ContextHierarchy found for test class [com.springbootstudy.book.springboot.web.HelloControllerTest], using SpringBootContextLoader
2022-11-23 15:49:45.889  INFO 16516 --- [    Test worker] o.s.t.c.support.AbstractContextLoader    : Could not detect default resource locations for test class [com.springbootstudy.book.springboot.web.HelloControllerTest]: no resource found for suffixes {-context.xml, Context.groovy}.
2022-11-23 15:49:45.889  INFO 16516 --- [    Test worker] t.c.s.AnnotationConfigContextLoaderUtils : Could not detect default configuration classes for test class [com.springbootstudy.book.springboot.web.HelloControllerTest]: HelloControllerTest does not declare any static, non-private, non-final, nested classes annotated with @Configuration.
2022-11-23 15:49:45.902  INFO 16516 --- [    Test worker] .b.t.c.SpringBootTestContextBootstrapper : Found @SpringBootConfiguration com.springbootstudy.book.springboot.Application for test class com.springbootstudy.book.springboot.web.HelloControllerTest
2022-11-23 15:49:45.902  INFO 16516 --- [    Test worker] .b.t.a.w.s.WebMvcTestContextBootstrapper : Loaded default TestExecutionListener class names from location [META-INF/spring.factories]: [org.springframework.security.test.context.support.WithSecurityContextTestExecutionListener, org.springframework.security.test.context.support.ReactorContextTestExecutionListener, org.springframework.boot.test.autoconfigure.restdocs.RestDocsTestExecutionListener, org.springframework.boot.test.autoconfigure.web.client.MockRestServiceServerResetTestExecutionListener, org.springframework.boot.test.autoconfigure.web.servlet.MockMvcPrintOnlyOnFailureTestExecutionListener, org.springframework.boot.test.autoconfigure.web.servlet.WebDriverTestExecutionListener, org.springframework.boot.test.mock.mockito.MockitoTestExecutionListener, org.springframework.boot.test.mock.mockito.ResetMocksTestExecutionListener, org.springframework.test.context.web.ServletTestExecutionListener, org.springframework.test.context.support.DirtiesContextBeforeModesTestExecutionListener, org.springframework.test.context.support.DependencyInjectionTestExecutionListener, org.springframework.test.context.support.DirtiesContextTestExecutionListener, org.springframework.test.context.transaction.TransactionalTestExecutionListener, org.springframework.test.context.jdbc.SqlScriptsTestExecutionListener]
2022-11-23 15:49:45.902  INFO 16516 --- [    Test worker] .b.t.a.w.s.WebMvcTestContextBootstrapper : Using TestExecutionListeners: [org.springframework.test.context.web.ServletTestExecutionListener@76d9fe26, org.springframework.test.context.support.DirtiesContextBeforeModesTestExecutionListener@4a0e3bd, org.springframework.boot.test.mock.mockito.MockitoTestExecutionListener@6a6a60f3, org.springframework.boot.test.autoconfigure.SpringBootDependencyInjectionTestExecutionListener@2d9cc10, org.springframework.test.context.support.DirtiesContextTestExecutionListener@3bc82aa3, org.springframework.test.context.transaction.TransactionalTestExecutionListener@38769b6c, org.springframework.test.context.jdbc.SqlScriptsTestExecutionListener@1220969, org.springframework.security.test.context.support.WithSecurityContextTestExecutionListener@4d57fc11, org.springframework.security.test.context.support.ReactorContextTestExecutionListener@37b04a2a, org.springframework.boot.test.autoconfigure.restdocs.RestDocsTestExecutionListener@3b910a4b, org.springframework.boot.test.autoconfigure.web.client.MockRestServiceServerResetTestExecutionListener@2ae92511, org.springframework.boot.test.autoconfigure.web.servlet.MockMvcPrintOnlyOnFailureTestExecutionListener@582ce329, org.springframework.boot.test.autoconfigure.web.servlet.WebDriverTestExecutionListener@6df8131c, org.springframework.boot.test.mock.mockito.ResetMocksTestExecutionListener@5e888fba]

  .   ____          _            __ _ _
 /\\ / ___'_ __ _ _(_)_ __  __ _ \ \ \ \
( ( )\___ | '_ | '_| | '_ \/ _` | \ \ \ \
 \\/  ___)| |_)| | | | | || (_| |  ) ) ) )
  '  |____| .__|_| |_|_| |_\__, | / / / /
 =========|_|==============|___/=/_/_/_/
 :: Spring Boot ::        (v2.1.7.RELEASE)

2022-11-23 15:49:45.916  INFO 16516 --- [    Test worker] c.s.b.s.web.HelloControllerTest          : Starting HelloControllerTest on MinGyuPC with PID 16516 (started by mingy in C:\SpringBootStudy\springbootstudy)
2022-11-23 15:49:45.916  INFO 16516 --- [    Test worker] c.s.b.s.web.HelloControllerTest          : The following profiles are active: oauth
2022-11-23 15:49:46.086  INFO 16516 --- [    Test worker] o.s.s.concurrent.ThreadPoolTaskExecutor  : Initializing ExecutorService 'applicationTaskExecutor'
2022-11-23 15:49:46.099  INFO 16516 --- [    Test worker] o.s.b.a.w.s.WelcomePageHandlerMapping    : Adding welcome page template: index
2022-11-23 15:49:46.171  INFO 16516 --- [    Test worker] .s.s.UserDetailsServiceAutoConfiguration : 

Using generated security password: 96989c43-e354-4e64-a6f1-e30afc466a17

2022-11-23 15:49:46.220  INFO 16516 --- [    Test worker] o.s.s.web.DefaultSecurityFilterChain     : Creating filter chain: any request, [org.springframework.security.web.context.request.async.WebAsyncManagerIntegrationFilter@23e0ef68, org.springframework.security.web.context.SecurityContextPersistenceFilter@3a5922ec, org.springframework.security.web.header.HeaderWriterFilter@4377b35b, org.springframework.security.web.csrf.CsrfFilter@27b89e0a, org.springframework.security.web.authentication.logout.LogoutFilter@45add64c, org.springframework.security.web.authentication.UsernamePasswordAuthenticationFilter@5ac3c6cd, org.springframework.security.web.authentication.ui.DefaultLoginPageGeneratingFilter@18a9762, org.springframework.security.web.authentication.ui.DefaultLogoutPageGeneratingFilter@7207cb8b, org.springframework.security.web.authentication.www.BasicAuthenticationFilter@5b71ccf2, org.springframework.security.web.savedrequest.RequestCacheAwareFilter@3e6b08d4, org.springframework.security.web.servletapi.SecurityContextHolderAwareRequestFilter@40f88929, org.springframework.security.web.authentication.AnonymousAuthenticationFilter@27449f65, org.springframework.security.web.session.SessionManagementFilter@20dc2df1, org.springframework.security.web.access.ExceptionTranslationFilter@6eed5b68, org.springframework.security.web.access.intercept.FilterSecurityInterceptor@fb69ab1]
2022-11-23 15:49:46.225  INFO 16516 --- [    Test worker] o.s.b.t.m.w.SpringBootMockServletContext : Initializing Spring TestDispatcherServlet ''
2022-11-23 15:49:46.225  INFO 16516 --- [    Test worker] o.s.t.web.servlet.TestDispatcherServlet  : Initializing Servlet ''
2022-11-23 15:49:46.226  INFO 16516 --- [    Test worker] o.s.t.web.servlet.TestDispatcherServlet  : Completed initialization in 1 ms
2022-11-23 15:49:46.235  INFO 16516 --- [    Test worker] c.s.b.s.web.HelloControllerTest          : Started HelloControllerTest in 0.332 seconds (JVM running for 6.029)
]]></system-out>
  <system-err><![CDATA[]]></system-err>
</testsuite>
