<?xml version="1.0" encoding="UTF-8"?>
<testsuite name="com.springbootstudy.book.springboot.web.HelloControllerTest" tests="2" skipped="0" failures="0" errors="0" timestamp="2022-11-20T11:32:18" hostname="MINGYUPC" time="0.072">
  <properties/>
  <testcase name="hello가_리턴된다" classname="com.springbootstudy.book.springboot.web.HelloControllerTest" time="0.027"/>
  <testcase name="helloDto가_리턴된다" classname="com.springbootstudy.book.springboot.web.HelloControllerTest" time="0.044"/>
  <system-out><![CDATA[2022-11-20 20:32:16.704  INFO 31792 --- [    Test worker] .b.t.a.w.s.WebMvcTestContextBootstrapper : Neither @ContextConfiguration nor @ContextHierarchy found for test class [com.springbootstudy.book.springboot.web.HelloControllerTest], using SpringBootContextLoader
2022-11-20 20:32:16.706  INFO 31792 --- [    Test worker] o.s.t.c.support.AbstractContextLoader    : Could not detect default resource locations for test class [com.springbootstudy.book.springboot.web.HelloControllerTest]: no resource found for suffixes {-context.xml, Context.groovy}.
2022-11-20 20:32:16.706  INFO 31792 --- [    Test worker] t.c.s.AnnotationConfigContextLoaderUtils : Could not detect default configuration classes for test class [com.springbootstudy.book.springboot.web.HelloControllerTest]: HelloControllerTest does not declare any static, non-private, non-final, nested classes annotated with @Configuration.
2022-11-20 20:32:16.757  INFO 31792 --- [    Test worker] .b.t.c.SpringBootTestContextBootstrapper : Found @SpringBootConfiguration com.springbootstudy.book.springboot.Application for test class com.springbootstudy.book.springboot.web.HelloControllerTest
2022-11-20 20:32:16.758  INFO 31792 --- [    Test worker] .b.t.a.w.s.WebMvcTestContextBootstrapper : Loaded default TestExecutionListener class names from location [META-INF/spring.factories]: [org.springframework.security.test.context.support.WithSecurityContextTestExecutionListener, org.springframework.security.test.context.support.ReactorContextTestExecutionListener, org.springframework.boot.test.autoconfigure.restdocs.RestDocsTestExecutionListener, org.springframework.boot.test.autoconfigure.web.client.MockRestServiceServerResetTestExecutionListener, org.springframework.boot.test.autoconfigure.web.servlet.MockMvcPrintOnlyOnFailureTestExecutionListener, org.springframework.boot.test.autoconfigure.web.servlet.WebDriverTestExecutionListener, org.springframework.boot.test.mock.mockito.MockitoTestExecutionListener, org.springframework.boot.test.mock.mockito.ResetMocksTestExecutionListener, org.springframework.test.context.web.ServletTestExecutionListener, org.springframework.test.context.support.DirtiesContextBeforeModesTestExecutionListener, org.springframework.test.context.support.DependencyInjectionTestExecutionListener, org.springframework.test.context.support.DirtiesContextTestExecutionListener, org.springframework.test.context.transaction.TransactionalTestExecutionListener, org.springframework.test.context.jdbc.SqlScriptsTestExecutionListener]
2022-11-20 20:32:16.760  INFO 31792 --- [    Test worker] .b.t.a.w.s.WebMvcTestContextBootstrapper : Using TestExecutionListeners: [org.springframework.test.context.web.ServletTestExecutionListener@36b4cbb8, org.springframework.test.context.support.DirtiesContextBeforeModesTestExecutionListener@57cfd353, org.springframework.boot.test.mock.mockito.MockitoTestExecutionListener@4bd29a01, org.springframework.boot.test.autoconfigure.SpringBootDependencyInjectionTestExecutionListener@5a4a8a33, org.springframework.test.context.support.DirtiesContextTestExecutionListener@4a3363c9, org.springframework.test.context.transaction.TransactionalTestExecutionListener@63cf6497, org.springframework.test.context.jdbc.SqlScriptsTestExecutionListener@3c12f87d, org.springframework.security.test.context.support.WithSecurityContextTestExecutionListener@3207e6de, org.springframework.security.test.context.support.ReactorContextTestExecutionListener@637bf67c, org.springframework.boot.test.autoconfigure.restdocs.RestDocsTestExecutionListener@7b88dd58, org.springframework.boot.test.autoconfigure.web.client.MockRestServiceServerResetTestExecutionListener@50720344, org.springframework.boot.test.autoconfigure.web.servlet.MockMvcPrintOnlyOnFailureTestExecutionListener@5dce3e82, org.springframework.boot.test.autoconfigure.web.servlet.WebDriverTestExecutionListener@613aeb51, org.springframework.boot.test.mock.mockito.ResetMocksTestExecutionListener@5ce59833]

  .   ____          _            __ _ _
 /\\ / ___'_ __ _ _(_)_ __  __ _ \ \ \ \
( ( )\___ | '_ | '_| | '_ \/ _` | \ \ \ \
 \\/  ___)| |_)| | | | | || (_| |  ) ) ) )
  '  |____| .__|_| |_|_| |_\__, | / / / /
 =========|_|==============|___/=/_/_/_/
 :: Spring Boot ::        (v2.1.7.RELEASE)

2022-11-20 20:32:16.831  INFO 31792 --- [    Test worker] c.s.b.s.web.HelloControllerTest          : Starting HelloControllerTest on MinGyuPC with PID 31792 (started by mingy in C:\SpringBootStudy\springbootstudy)
2022-11-20 20:32:16.831  INFO 31792 --- [    Test worker] c.s.b.s.web.HelloControllerTest          : The following profiles are active: oauth
2022-11-20 20:32:17.561  INFO 31792 --- [    Test worker] o.s.s.concurrent.ThreadPoolTaskExecutor  : Initializing ExecutorService 'applicationTaskExecutor'
2022-11-20 20:32:17.593  INFO 31792 --- [    Test worker] o.s.b.a.w.s.WelcomePageHandlerMapping    : Adding welcome page template: index
2022-11-20 20:32:17.800  INFO 31792 --- [    Test worker] .s.s.UserDetailsServiceAutoConfiguration : 

Using generated security password: 0163314a-7178-4179-ab32-695c03148043

2022-11-20 20:32:17.946  INFO 31792 --- [    Test worker] o.s.s.web.DefaultSecurityFilterChain     : Creating filter chain: any request, [org.springframework.security.web.context.request.async.WebAsyncManagerIntegrationFilter@67b6cb6e, org.springframework.security.web.context.SecurityContextPersistenceFilter@74876292, org.springframework.security.web.header.HeaderWriterFilter@736de3b6, org.springframework.security.web.csrf.CsrfFilter@7f5582db, org.springframework.security.web.authentication.logout.LogoutFilter@7cb32ca5, org.springframework.security.web.authentication.UsernamePasswordAuthenticationFilter@b31cd6b, org.springframework.security.web.authentication.ui.DefaultLoginPageGeneratingFilter@68c9cf93, org.springframework.security.web.authentication.ui.DefaultLogoutPageGeneratingFilter@47de4dce, org.springframework.security.web.authentication.www.BasicAuthenticationFilter@3c0640fa, org.springframework.security.web.savedrequest.RequestCacheAwareFilter@3bb59485, org.springframework.security.web.servletapi.SecurityContextHolderAwareRequestFilter@27d9a016, org.springframework.security.web.authentication.AnonymousAuthenticationFilter@4951c45f, org.springframework.security.web.session.SessionManagementFilter@20fdf45a, org.springframework.security.web.access.ExceptionTranslationFilter@47511582, org.springframework.security.web.access.intercept.FilterSecurityInterceptor@67bf393c]
2022-11-20 20:32:17.964  INFO 31792 --- [    Test worker] o.s.b.t.m.w.SpringBootMockServletContext : Initializing Spring TestDispatcherServlet ''
2022-11-20 20:32:17.966  INFO 31792 --- [    Test worker] o.s.t.web.servlet.TestDispatcherServlet  : Initializing Servlet ''
2022-11-20 20:32:17.967  INFO 31792 --- [    Test worker] o.s.t.web.servlet.TestDispatcherServlet  : Completed initialization in 1 ms
2022-11-20 20:32:17.998  INFO 31792 --- [    Test worker] c.s.b.s.web.HelloControllerTest          : Started HelloControllerTest in 1.234 seconds (JVM running for 23.492)
]]></system-out>
  <system-err><![CDATA[]]></system-err>
</testsuite>
