<?xml version="1.0" encoding="UTF-8"?>
<testsuite name="com.springbootstudy.book.springboot.service.posts.PostsApiControllerTest" tests="2" skipped="0" failures="0" errors="0" timestamp="2022-11-20T11:32:16" hostname="MINGYUPC" time="0.389">
  <properties/>
  <testcase name="Posts_등록된다" classname="com.springbootstudy.book.springboot.service.posts.PostsApiControllerTest" time="0.319"/>
  <testcase name="Posts_수정된다" classname="com.springbootstudy.book.springboot.service.posts.PostsApiControllerTest" time="0.068"/>
  <system-out><![CDATA[2022-11-20 20:32:11.789  INFO 31792 --- [    Test worker] .b.t.c.SpringBootTestContextBootstrapper : Neither @ContextConfiguration nor @ContextHierarchy found for test class [com.springbootstudy.book.springboot.service.posts.PostsApiControllerTest], using SpringBootContextLoader
2022-11-20 20:32:11.791  INFO 31792 --- [    Test worker] o.s.t.c.support.AbstractContextLoader    : Could not detect default resource locations for test class [com.springbootstudy.book.springboot.service.posts.PostsApiControllerTest]: no resource found for suffixes {-context.xml, Context.groovy}.
2022-11-20 20:32:11.792  INFO 31792 --- [    Test worker] t.c.s.AnnotationConfigContextLoaderUtils : Could not detect default configuration classes for test class [com.springbootstudy.book.springboot.service.posts.PostsApiControllerTest]: PostsApiControllerTest does not declare any static, non-private, non-final, nested classes annotated with @Configuration.
2022-11-20 20:32:11.818  INFO 31792 --- [    Test worker] .b.t.c.SpringBootTestContextBootstrapper : Found @SpringBootConfiguration com.springbootstudy.book.springboot.Application for test class com.springbootstudy.book.springboot.service.posts.PostsApiControllerTest
2022-11-20 20:32:11.825  INFO 31792 --- [    Test worker] .b.t.c.SpringBootTestContextBootstrapper : Loaded default TestExecutionListener class names from location [META-INF/spring.factories]: [org.springframework.security.test.context.support.WithSecurityContextTestExecutionListener, org.springframework.security.test.context.support.ReactorContextTestExecutionListener, org.springframework.boot.test.autoconfigure.restdocs.RestDocsTestExecutionListener, org.springframework.boot.test.autoconfigure.web.client.MockRestServiceServerResetTestExecutionListener, org.springframework.boot.test.autoconfigure.web.servlet.MockMvcPrintOnlyOnFailureTestExecutionListener, org.springframework.boot.test.autoconfigure.web.servlet.WebDriverTestExecutionListener, org.springframework.boot.test.mock.mockito.MockitoTestExecutionListener, org.springframework.boot.test.mock.mockito.ResetMocksTestExecutionListener, org.springframework.test.context.web.ServletTestExecutionListener, org.springframework.test.context.support.DirtiesContextBeforeModesTestExecutionListener, org.springframework.test.context.support.DependencyInjectionTestExecutionListener, org.springframework.test.context.support.DirtiesContextTestExecutionListener, org.springframework.test.context.transaction.TransactionalTestExecutionListener, org.springframework.test.context.jdbc.SqlScriptsTestExecutionListener]
2022-11-20 20:32:11.828  INFO 31792 --- [    Test worker] .b.t.c.SpringBootTestContextBootstrapper : Using TestExecutionListeners: [org.springframework.test.context.web.ServletTestExecutionListener@439054a7, org.springframework.test.context.support.DirtiesContextBeforeModesTestExecutionListener@4fc1eee5, org.springframework.boot.test.mock.mockito.MockitoTestExecutionListener@120661d2, org.springframework.boot.test.autoconfigure.SpringBootDependencyInjectionTestExecutionListener@36618b3b, org.springframework.test.context.support.DirtiesContextTestExecutionListener@7715d43c, org.springframework.test.context.transaction.TransactionalTestExecutionListener@3763aafd, org.springframework.test.context.jdbc.SqlScriptsTestExecutionListener@16ca4532, org.springframework.security.test.context.support.WithSecurityContextTestExecutionListener@2cc82c83, org.springframework.security.test.context.support.ReactorContextTestExecutionListener@75a5a912, org.springframework.boot.test.autoconfigure.restdocs.RestDocsTestExecutionListener@5f3bc119, org.springframework.boot.test.autoconfigure.web.client.MockRestServiceServerResetTestExecutionListener@1b9cfc19, org.springframework.boot.test.autoconfigure.web.servlet.MockMvcPrintOnlyOnFailureTestExecutionListener@765d67dd, org.springframework.boot.test.autoconfigure.web.servlet.WebDriverTestExecutionListener@2e68bd3d, org.springframework.boot.test.mock.mockito.ResetMocksTestExecutionListener@2fda92e0]

  .   ____          _            __ _ _
 /\\ / ___'_ __ _ _(_)_ __  __ _ \ \ \ \
( ( )\___ | '_ | '_| | '_ \/ _` | \ \ \ \
 \\/  ___)| |_)| | | | | || (_| |  ) ) ) )
  '  |____| .__|_| |_|_| |_\__, | / / / /
 =========|_|==============|___/=/_/_/_/
 :: Spring Boot ::        (v2.1.7.RELEASE)

2022-11-20 20:32:11.918  INFO 31792 --- [    Test worker] c.s.b.s.s.posts.PostsApiControllerTest   : Starting PostsApiControllerTest on MinGyuPC with PID 31792 (started by mingy in C:\SpringBootStudy\springbootstudy)
2022-11-20 20:32:11.918  INFO 31792 --- [    Test worker] c.s.b.s.s.posts.PostsApiControllerTest   : The following profiles are active: oauth
2022-11-20 20:32:12.540  INFO 31792 --- [    Test worker] .s.d.r.c.RepositoryConfigurationDelegate : Bootstrapping Spring Data repositories in DEFAULT mode.
2022-11-20 20:32:12.609  INFO 31792 --- [    Test worker] .s.d.r.c.RepositoryConfigurationDelegate : Finished Spring Data repository scanning in 69ms. Found 2 repository interfaces.
2022-11-20 20:32:12.928  INFO 31792 --- [    Test worker] trationDelegate$BeanPostProcessorChecker : Bean 'org.springframework.transaction.annotation.ProxyTransactionManagementConfiguration' of type [org.springframework.transaction.annotation.ProxyTransactionManagementConfiguration$$EnhancerBySpringCGLIB$$9131f8b] is not eligible for getting processed by all BeanPostProcessors (for example: not eligible for auto-proxying)
2022-11-20 20:32:13.448  INFO 31792 --- [    Test worker] o.s.b.w.embedded.tomcat.TomcatWebServer  : Tomcat initialized with port(s): 0 (http)
2022-11-20 20:32:13.504  INFO 31792 --- [    Test worker] o.apache.catalina.core.StandardService   : Starting service [Tomcat]
2022-11-20 20:32:13.506  INFO 31792 --- [    Test worker] org.apache.catalina.core.StandardEngine  : Starting Servlet engine: [Apache Tomcat/9.0.22]
2022-11-20 20:32:14.040  INFO 31792 --- [    Test worker] o.a.c.c.C.[Tomcat].[localhost].[/]       : Initializing Spring embedded WebApplicationContext
2022-11-20 20:32:14.040  INFO 31792 --- [    Test worker] o.s.web.context.ContextLoader            : Root WebApplicationContext: initialization completed in 2113 ms
2022-11-20 20:32:14.342  INFO 31792 --- [    Test worker] com.zaxxer.hikari.HikariDataSource       : HikariPool-2 - Starting...
2022-11-20 20:32:14.343  INFO 31792 --- [    Test worker] com.zaxxer.hikari.HikariDataSource       : HikariPool-2 - Start completed.
2022-11-20 20:32:14.412  INFO 31792 --- [    Test worker] o.hibernate.jpa.internal.util.LogHelper  : HHH000204: Processing PersistenceUnitInfo [
	name: default
	...]
2022-11-20 20:32:14.430  INFO 31792 --- [    Test worker] org.hibernate.dialect.Dialect            : HHH000400: Using dialect: org.hibernate.dialect.MySQL5InnoDBDialect
Hibernate: drop table if exists posts
Hibernate: drop table if exists user
Hibernate: create table posts (id bigint not null auto_increment, created_date datetime, modified_date datetime, author varchar(255), content TEXT not null, title varchar(500) not null, primary key (id)) engine=InnoDB
Hibernate: create table user (id bigint not null auto_increment, created_date datetime, modified_date datetime, email varchar(255) not null, name varchar(255) not null, picture varchar(255), role varchar(255) not null, primary key (id)) engine=InnoDB
2022-11-20 20:32:14.553  INFO 31792 --- [    Test worker] o.h.t.schema.internal.SchemaCreatorImpl  : HHH000476: Executing import script 'org.hibernate.tool.schema.internal.exec.ScriptSourceInputNonExistentImpl@1f12d5e0'
2022-11-20 20:32:14.554  INFO 31792 --- [    Test worker] j.LocalContainerEntityManagerFactoryBean : Initialized JPA EntityManagerFactory for persistence unit 'default'
2022-11-20 20:32:15.227  INFO 31792 --- [    Test worker] o.h.h.i.QueryTranslatorFactoryInitiator  : HHH000397: Using ASTQueryTranslatorFactory
2022-11-20 20:32:15.448  INFO 31792 --- [    Test worker] o.s.s.web.DefaultSecurityFilterChain     : Creating filter chain: any request, [org.springframework.security.web.context.request.async.WebAsyncManagerIntegrationFilter@53741683, org.springframework.security.web.context.SecurityContextPersistenceFilter@42c3b02e, org.springframework.security.web.header.HeaderWriterFilter@6fb514db, org.springframework.security.web.authentication.logout.LogoutFilter@3f1dadeb, org.springframework.security.oauth2.client.web.OAuth2AuthorizationRequestRedirectFilter@528070fe, org.springframework.security.oauth2.client.web.OAuth2LoginAuthenticationFilter@3df79197, org.springframework.security.web.authentication.ui.DefaultLoginPageGeneratingFilter@60003305, org.springframework.security.web.authentication.ui.DefaultLogoutPageGeneratingFilter@36134f3, org.springframework.security.web.savedrequest.RequestCacheAwareFilter@51039ec9, org.springframework.security.web.servletapi.SecurityContextHolderAwareRequestFilter@16575bfe, org.springframework.security.web.authentication.AnonymousAuthenticationFilter@52b7a3e1, org.springframework.security.web.session.SessionManagementFilter@267a0b6a, org.springframework.security.web.access.ExceptionTranslationFilter@7a7d25ca, org.springframework.security.web.access.intercept.FilterSecurityInterceptor@236e6563]
2022-11-20 20:32:15.732  INFO 31792 --- [    Test worker] o.s.s.concurrent.ThreadPoolTaskExecutor  : Initializing ExecutorService 'applicationTaskExecutor'
2022-11-20 20:32:15.754  WARN 31792 --- [    Test worker] aWebConfiguration$JpaWebMvcConfiguration : spring.jpa.open-in-view is enabled by default. Therefore, database queries may be performed during view rendering. Explicitly configure spring.jpa.open-in-view to disable this warning
2022-11-20 20:32:15.818  INFO 31792 --- [    Test worker] o.s.b.a.w.s.WelcomePageHandlerMapping    : Adding welcome page template: index
2022-11-20 20:32:16.270  INFO 31792 --- [    Test worker] s.a.ScheduledAnnotationBeanPostProcessor : No TaskScheduler/ScheduledExecutorService bean found for scheduled processing
2022-11-20 20:32:16.297  INFO 31792 --- [    Test worker] o.s.b.w.embedded.tomcat.TomcatWebServer  : Tomcat started on port(s): 63536 (http) with context path ''
2022-11-20 20:32:16.299  INFO 31792 --- [    Test worker] c.s.b.s.s.posts.PostsApiControllerTest   : Started PostsApiControllerTest in 4.468 seconds (JVM running for 21.793)
2022-11-20 20:32:16.358  INFO 31792 --- [    Test worker] o.a.c.c.C.[Tomcat].[localhost].[/]       : Initializing Spring TestDispatcherServlet ''
2022-11-20 20:32:16.359  INFO 31792 --- [    Test worker] o.s.t.web.servlet.TestDispatcherServlet  : Initializing Servlet ''
2022-11-20 20:32:16.381  INFO 31792 --- [    Test worker] o.s.t.web.servlet.TestDispatcherServlet  : Completed initialization in 22 ms
Hibernate: insert into posts (created_date, modified_date, author, content, title) values (?, ?, ?, ?, ?)
Hibernate: select posts0_.id as id1_0_, posts0_.created_date as created_2_0_, posts0_.modified_date as modified3_0_, posts0_.author as author4_0_, posts0_.content as content5_0_, posts0_.title as title6_0_ from posts posts0_
Hibernate: select posts0_.id as id1_0_, posts0_.created_date as created_2_0_, posts0_.modified_date as modified3_0_, posts0_.author as author4_0_, posts0_.content as content5_0_, posts0_.title as title6_0_ from posts posts0_
Hibernate: delete from posts where id=?
2022-11-20 20:32:16.633  INFO 31792 --- [    Test worker] o.a.c.c.C.[Tomcat].[localhost].[/]       : Initializing Spring TestDispatcherServlet ''
2022-11-20 20:32:16.634  INFO 31792 --- [    Test worker] o.s.t.web.servlet.TestDispatcherServlet  : Initializing Servlet ''
2022-11-20 20:32:16.637  INFO 31792 --- [    Test worker] o.s.t.web.servlet.TestDispatcherServlet  : Completed initialization in 3 ms
Hibernate: insert into posts (created_date, modified_date, author, content, title) values (?, ?, ?, ?, ?)
Hibernate: select posts0_.id as id1_0_0_, posts0_.created_date as created_2_0_0_, posts0_.modified_date as modified3_0_0_, posts0_.author as author4_0_0_, posts0_.content as content5_0_0_, posts0_.title as title6_0_0_ from posts posts0_ where posts0_.id=?
Hibernate: update posts set created_date=?, modified_date=?, author=?, content=?, title=? where id=?
Hibernate: select posts0_.id as id1_0_, posts0_.created_date as created_2_0_, posts0_.modified_date as modified3_0_, posts0_.author as author4_0_, posts0_.content as content5_0_, posts0_.title as title6_0_ from posts posts0_
Hibernate: select posts0_.id as id1_0_, posts0_.created_date as created_2_0_, posts0_.modified_date as modified3_0_, posts0_.author as author4_0_, posts0_.content as content5_0_, posts0_.title as title6_0_ from posts posts0_
Hibernate: delete from posts where id=?
]]></system-out>
  <system-err><![CDATA[]]></system-err>
</testsuite>
