<?xml version="1.0" encoding="UTF-8"?>
<testsuite name="com.springbootstudy.book.springboot.web.ProfileControllerTest" tests="1" skipped="0" failures="0" errors="0" timestamp="2022-11-23T05:33:08" hostname="MINGYUPC" time="0.176">
  <properties/>
  <testcase name="profile은_인증없이_호출된다" classname="com.springbootstudy.book.springboot.web.ProfileControllerTest" time="0.176"/>
  <system-out><![CDATA[14:33:04.731 [Test worker] DEBUG org.springframework.test.context.junit4.SpringJUnit4ClassRunner - SpringJUnit4ClassRunner constructor called with [class com.springbootstudy.book.springboot.web.ProfileControllerTest]
14:33:04.735 [Test worker] DEBUG org.springframework.test.context.BootstrapUtils - Instantiating CacheAwareContextLoaderDelegate from class [org.springframework.test.context.cache.DefaultCacheAwareContextLoaderDelegate]
14:33:04.739 [Test worker] DEBUG org.springframework.test.context.BootstrapUtils - Instantiating BootstrapContext using constructor [public org.springframework.test.context.support.DefaultBootstrapContext(java.lang.Class,org.springframework.test.context.CacheAwareContextLoaderDelegate)]
14:33:04.748 [Test worker] DEBUG org.springframework.test.context.BootstrapUtils - Instantiating TestContextBootstrapper for test class [com.springbootstudy.book.springboot.web.ProfileControllerTest] from class [org.springframework.boot.test.context.SpringBootTestContextBootstrapper]
14:33:04.754 [Test worker] INFO org.springframework.boot.test.context.SpringBootTestContextBootstrapper - Neither @ContextConfiguration nor @ContextHierarchy found for test class [com.springbootstudy.book.springboot.web.ProfileControllerTest], using SpringBootContextLoader
14:33:04.756 [Test worker] DEBUG org.springframework.test.context.support.AbstractContextLoader - Did not detect default resource location for test class [com.springbootstudy.book.springboot.web.ProfileControllerTest]: class path resource [com/springbootstudy/book/springboot/web/ProfileControllerTest-context.xml] does not exist
14:33:04.757 [Test worker] DEBUG org.springframework.test.context.support.AbstractContextLoader - Did not detect default resource location for test class [com.springbootstudy.book.springboot.web.ProfileControllerTest]: class path resource [com/springbootstudy/book/springboot/web/ProfileControllerTestContext.groovy] does not exist
14:33:04.757 [Test worker] INFO org.springframework.test.context.support.AbstractContextLoader - Could not detect default resource locations for test class [com.springbootstudy.book.springboot.web.ProfileControllerTest]: no resource found for suffixes {-context.xml, Context.groovy}.
14:33:04.757 [Test worker] INFO org.springframework.test.context.support.AnnotationConfigContextLoaderUtils - Could not detect default configuration classes for test class [com.springbootstudy.book.springboot.web.ProfileControllerTest]: ProfileControllerTest does not declare any static, non-private, non-final, nested classes annotated with @Configuration.
14:33:04.784 [Test worker] DEBUG org.springframework.test.context.support.ActiveProfilesUtils - Could not find an 'annotation declaring class' for annotation type [org.springframework.test.context.ActiveProfiles] and class [com.springbootstudy.book.springboot.web.ProfileControllerTest]
14:33:04.835 [Test worker] DEBUG org.springframework.context.annotation.ClassPathScanningCandidateComponentProvider - Identified candidate component class: file [C:\SpringBootStudy\springbootstudy\build\classes\java\main\com\springbootstudy\book\springboot\Application.class]
14:33:04.836 [Test worker] INFO org.springframework.boot.test.context.SpringBootTestContextBootstrapper - Found @SpringBootConfiguration com.springbootstudy.book.springboot.Application for test class com.springbootstudy.book.springboot.web.ProfileControllerTest
14:33:04.880 [Test worker] DEBUG org.springframework.boot.test.context.SpringBootTestContextBootstrapper - @TestExecutionListeners is not present for class [com.springbootstudy.book.springboot.web.ProfileControllerTest]: using defaults.
14:33:04.881 [Test worker] INFO org.springframework.boot.test.context.SpringBootTestContextBootstrapper - Loaded default TestExecutionListener class names from location [META-INF/spring.factories]: [org.springframework.security.test.context.support.WithSecurityContextTestExecutionListener, org.springframework.security.test.context.support.ReactorContextTestExecutionListener, org.springframework.boot.test.autoconfigure.restdocs.RestDocsTestExecutionListener, org.springframework.boot.test.autoconfigure.web.client.MockRestServiceServerResetTestExecutionListener, org.springframework.boot.test.autoconfigure.web.servlet.MockMvcPrintOnlyOnFailureTestExecutionListener, org.springframework.boot.test.autoconfigure.web.servlet.WebDriverTestExecutionListener, org.springframework.boot.test.mock.mockito.MockitoTestExecutionListener, org.springframework.boot.test.mock.mockito.ResetMocksTestExecutionListener, org.springframework.test.context.web.ServletTestExecutionListener, org.springframework.test.context.support.DirtiesContextBeforeModesTestExecutionListener, org.springframework.test.context.support.DependencyInjectionTestExecutionListener, org.springframework.test.context.support.DirtiesContextTestExecutionListener, org.springframework.test.context.transaction.TransactionalTestExecutionListener, org.springframework.test.context.jdbc.SqlScriptsTestExecutionListener]
14:33:04.890 [Test worker] INFO org.springframework.boot.test.context.SpringBootTestContextBootstrapper - Using TestExecutionListeners: [org.springframework.test.context.web.ServletTestExecutionListener@10650953, org.springframework.test.context.support.DirtiesContextBeforeModesTestExecutionListener@659eef7, org.springframework.boot.test.mock.mockito.MockitoTestExecutionListener@162be91c, org.springframework.boot.test.autoconfigure.SpringBootDependencyInjectionTestExecutionListener@2488b073, org.springframework.test.context.support.DirtiesContextTestExecutionListener@1c9f0a20, org.springframework.test.context.transaction.TransactionalTestExecutionListener@55787112, org.springframework.test.context.jdbc.SqlScriptsTestExecutionListener@1cd201a8, org.springframework.security.test.context.support.WithSecurityContextTestExecutionListener@7db82169, org.springframework.security.test.context.support.ReactorContextTestExecutionListener@1992eaf4, org.springframework.boot.test.autoconfigure.restdocs.RestDocsTestExecutionListener@f74e835, org.springframework.boot.test.autoconfigure.web.client.MockRestServiceServerResetTestExecutionListener@3276732, org.springframework.boot.test.autoconfigure.web.servlet.MockMvcPrintOnlyOnFailureTestExecutionListener@3f28bd56, org.springframework.boot.test.autoconfigure.web.servlet.WebDriverTestExecutionListener@31e3250d, org.springframework.boot.test.mock.mockito.ResetMocksTestExecutionListener@19fe4644]
14:33:04.893 [Test worker] DEBUG org.springframework.test.annotation.ProfileValueUtils - Retrieved @ProfileValueSourceConfiguration [null] for test class [com.springbootstudy.book.springboot.web.ProfileControllerTest]
14:33:04.893 [Test worker] DEBUG org.springframework.test.annotation.ProfileValueUtils - Retrieved ProfileValueSource type [class org.springframework.test.annotation.SystemProfileValueSource] for class [com.springbootstudy.book.springboot.web.ProfileControllerTest]
14:33:04.895 [Test worker] DEBUG org.springframework.test.annotation.ProfileValueUtils - Retrieved @ProfileValueSourceConfiguration [null] for test class [com.springbootstudy.book.springboot.web.ProfileControllerTest]
14:33:04.895 [Test worker] DEBUG org.springframework.test.annotation.ProfileValueUtils - Retrieved ProfileValueSource type [class org.springframework.test.annotation.SystemProfileValueSource] for class [com.springbootstudy.book.springboot.web.ProfileControllerTest]
14:33:04.896 [Test worker] DEBUG org.springframework.test.annotation.ProfileValueUtils - Retrieved @ProfileValueSourceConfiguration [null] for test class [com.springbootstudy.book.springboot.web.ProfileControllerTest]
14:33:04.896 [Test worker] DEBUG org.springframework.test.annotation.ProfileValueUtils - Retrieved ProfileValueSource type [class org.springframework.test.annotation.SystemProfileValueSource] for class [com.springbootstudy.book.springboot.web.ProfileControllerTest]
14:33:04.898 [Test worker] DEBUG org.springframework.test.context.support.AbstractDirtiesContextTestExecutionListener - Before test class: context [DefaultTestContext@2c1b9e4b testClass = ProfileControllerTest, testInstance = [null], testMethod = [null], testException = [null], mergedContextConfiguration = [WebMergedContextConfiguration@757d6814 testClass = ProfileControllerTest, locations = '{}', classes = '{class com.springbootstudy.book.springboot.Application}', contextInitializerClasses = '[]', activeProfiles = '{}', propertySourceLocations = '{}', propertySourceProperties = '{org.springframework.boot.test.context.SpringBootTestContextBootstrapper=true, server.port=0}', contextCustomizers = set[org.springframework.boot.test.autoconfigure.properties.PropertyMappingContextCustomizer@0, org.springframework.boot.test.autoconfigure.web.servlet.WebDriverContextCustomizerFactory$Customizer@598bd2ba, org.springframework.boot.test.context.filter.ExcludeFilterContextCustomizer@63fbfaeb, org.springframework.boot.test.json.DuplicateJsonObjectContextCustomizerFactory$DuplicateJsonObjectContextCustomizer@e57b96d, org.springframework.boot.test.mock.mockito.MockitoContextCustomizer@0, org.springframework.boot.test.web.client.TestRestTemplateContextCustomizer@d62fe5b], resourceBasePath = 'src/main/webapp', contextLoader = 'org.springframework.boot.test.context.SpringBootContextLoader', parent = [null]], attributes = map['org.springframework.test.context.web.ServletTestExecutionListener.activateListener' -> false]], class annotated with @DirtiesContext [false] with mode [null].
14:33:04.898 [Test worker] DEBUG org.springframework.test.annotation.ProfileValueUtils - Retrieved @ProfileValueSourceConfiguration [null] for test class [com.springbootstudy.book.springboot.web.ProfileControllerTest]
14:33:04.898 [Test worker] DEBUG org.springframework.test.annotation.ProfileValueUtils - Retrieved ProfileValueSource type [class org.springframework.test.annotation.SystemProfileValueSource] for class [com.springbootstudy.book.springboot.web.ProfileControllerTest]
14:33:04.901 [Test worker] DEBUG org.springframework.test.context.support.DependencyInjectionTestExecutionListener - Performing dependency injection for test context [[DefaultTestContext@2c1b9e4b testClass = ProfileControllerTest, testInstance = com.springbootstudy.book.springboot.web.ProfileControllerTest@756cf158, testMethod = [null], testException = [null], mergedContextConfiguration = [WebMergedContextConfiguration@757d6814 testClass = ProfileControllerTest, locations = '{}', classes = '{class com.springbootstudy.book.springboot.Application}', contextInitializerClasses = '[]', activeProfiles = '{}', propertySourceLocations = '{}', propertySourceProperties = '{org.springframework.boot.test.context.SpringBootTestContextBootstrapper=true, server.port=0}', contextCustomizers = set[org.springframework.boot.test.autoconfigure.properties.PropertyMappingContextCustomizer@0, org.springframework.boot.test.autoconfigure.web.servlet.WebDriverContextCustomizerFactory$Customizer@598bd2ba, org.springframework.boot.test.context.filter.ExcludeFilterContextCustomizer@63fbfaeb, org.springframework.boot.test.json.DuplicateJsonObjectContextCustomizerFactory$DuplicateJsonObjectContextCustomizer@e57b96d, org.springframework.boot.test.mock.mockito.MockitoContextCustomizer@0, org.springframework.boot.test.web.client.TestRestTemplateContextCustomizer@d62fe5b], resourceBasePath = 'src/main/webapp', contextLoader = 'org.springframework.boot.test.context.SpringBootContextLoader', parent = [null]], attributes = map['org.springframework.test.context.web.ServletTestExecutionListener.activateListener' -> false]]].
14:33:04.911 [Test worker] DEBUG org.springframework.test.context.support.TestPropertySourceUtils - Adding inlined properties to environment: {spring.jmx.enabled=false, org.springframework.boot.test.context.SpringBootTestContextBootstrapper=true, server.port=0}

  .   ____          _            __ _ _
 /\\ / ___'_ __ _ _(_)_ __  __ _ \ \ \ \
( ( )\___ | '_ | '_| | '_ \/ _` | \ \ \ \
 \\/  ___)| |_)| | | | | || (_| |  ) ) ) )
  '  |____| .__|_| |_|_| |_\__, | / / / /
 =========|_|==============|___/=/_/_/_/
 :: Spring Boot ::        (v2.1.7.RELEASE)

2022-11-23 14:33:05.087  INFO 44588 --- [    Test worker] c.s.b.s.web.ProfileControllerTest        : Starting ProfileControllerTest on MinGyuPC with PID 44588 (started by mingy in C:\SpringBootStudy\springbootstudy)
2022-11-23 14:33:05.088  INFO 44588 --- [    Test worker] c.s.b.s.web.ProfileControllerTest        : The following profiles are active: oauth
2022-11-23 14:33:05.557  INFO 44588 --- [    Test worker] .s.d.r.c.RepositoryConfigurationDelegate : Bootstrapping Spring Data repositories in DEFAULT mode.
2022-11-23 14:33:05.602  INFO 44588 --- [    Test worker] .s.d.r.c.RepositoryConfigurationDelegate : Finished Spring Data repository scanning in 41ms. Found 2 repository interfaces.
2022-11-23 14:33:05.865  INFO 44588 --- [    Test worker] trationDelegate$BeanPostProcessorChecker : Bean 'org.springframework.transaction.annotation.ProxyTransactionManagementConfiguration' of type [org.springframework.transaction.annotation.ProxyTransactionManagementConfiguration$$EnhancerBySpringCGLIB$$cde85ac4] is not eligible for getting processed by all BeanPostProcessors (for example: not eligible for auto-proxying)
2022-11-23 14:33:06.065  INFO 44588 --- [    Test worker] o.s.b.w.embedded.tomcat.TomcatWebServer  : Tomcat initialized with port(s): 0 (http)
2022-11-23 14:33:06.080  INFO 44588 --- [    Test worker] o.apache.catalina.core.StandardService   : Starting service [Tomcat]
2022-11-23 14:33:06.080  INFO 44588 --- [    Test worker] org.apache.catalina.core.StandardEngine  : Starting Servlet engine: [Apache Tomcat/9.0.22]
2022-11-23 14:33:06.185  INFO 44588 --- [    Test worker] o.a.c.c.C.[Tomcat].[localhost].[/]       : Initializing Spring embedded WebApplicationContext
2022-11-23 14:33:06.185  INFO 44588 --- [    Test worker] o.s.web.context.ContextLoader            : Root WebApplicationContext: initialization completed in 1085 ms
2022-11-23 14:33:06.361  INFO 44588 --- [    Test worker] com.zaxxer.hikari.HikariDataSource       : HikariPool-1 - Starting...
2022-11-23 14:33:06.501  INFO 44588 --- [    Test worker] com.zaxxer.hikari.HikariDataSource       : HikariPool-1 - Start completed.
2022-11-23 14:33:06.579  INFO 44588 --- [    Test worker] o.hibernate.jpa.internal.util.LogHelper  : HHH000204: Processing PersistenceUnitInfo [
	name: default
	...]
2022-11-23 14:33:06.637  INFO 44588 --- [    Test worker] org.hibernate.Version                    : HHH000412: Hibernate Core {5.3.10.Final}
2022-11-23 14:33:06.638  INFO 44588 --- [    Test worker] org.hibernate.cfg.Environment            : HHH000206: hibernate.properties not found
2022-11-23 14:33:06.750  INFO 44588 --- [    Test worker] o.hibernate.annotations.common.Version   : HCANN000001: Hibernate Commons Annotations {5.0.4.Final}
2022-11-23 14:33:06.854  INFO 44588 --- [    Test worker] org.hibernate.dialect.Dialect            : HHH000400: Using dialect: org.hibernate.dialect.MySQL5InnoDBDialect
Hibernate: drop table if exists posts
Hibernate: drop table if exists user
Hibernate: create table posts (id bigint not null auto_increment, created_date datetime, modified_date datetime, author varchar(255), content TEXT not null, title varchar(500) not null, primary key (id)) engine=InnoDB
Hibernate: create table user (id bigint not null auto_increment, created_date datetime, modified_date datetime, email varchar(255) not null, name varchar(255) not null, picture varchar(255), role varchar(255) not null, primary key (id)) engine=InnoDB
2022-11-23 14:33:07.255  INFO 44588 --- [    Test worker] o.h.t.schema.internal.SchemaCreatorImpl  : HHH000476: Executing import script 'org.hibernate.tool.schema.internal.exec.ScriptSourceInputNonExistentImpl@488279d3'
2022-11-23 14:33:07.257  INFO 44588 --- [    Test worker] j.LocalContainerEntityManagerFactoryBean : Initialized JPA EntityManagerFactory for persistence unit 'default'
2022-11-23 14:33:07.675  INFO 44588 --- [    Test worker] o.h.h.i.QueryTranslatorFactoryInitiator  : HHH000397: Using ASTQueryTranslatorFactory
2022-11-23 14:33:07.981  INFO 44588 --- [    Test worker] o.s.s.web.DefaultSecurityFilterChain     : Creating filter chain: any request, [org.springframework.security.web.context.request.async.WebAsyncManagerIntegrationFilter@578781f7, org.springframework.security.web.context.SecurityContextPersistenceFilter@758ac46, org.springframework.security.web.header.HeaderWriterFilter@8961e55, org.springframework.security.web.authentication.logout.LogoutFilter@a0e35c3, org.springframework.security.oauth2.client.web.OAuth2AuthorizationRequestRedirectFilter@d62feaf, org.springframework.security.oauth2.client.web.OAuth2LoginAuthenticationFilter@5c59dfc7, org.springframework.security.web.authentication.ui.DefaultLoginPageGeneratingFilter@7fa2473a, org.springframework.security.web.authentication.ui.DefaultLogoutPageGeneratingFilter@7bbd944e, org.springframework.security.web.savedrequest.RequestCacheAwareFilter@3a1e5fa7, org.springframework.security.web.servletapi.SecurityContextHolderAwareRequestFilter@401d83ce, org.springframework.security.web.authentication.AnonymousAuthenticationFilter@22e253c7, org.springframework.security.web.session.SessionManagementFilter@4197e859, org.springframework.security.web.access.ExceptionTranslationFilter@2f0e7008, org.springframework.security.web.access.intercept.FilterSecurityInterceptor@74cf2d5f]
2022-11-23 14:33:08.196  INFO 44588 --- [    Test worker] o.s.s.concurrent.ThreadPoolTaskExecutor  : Initializing ExecutorService 'applicationTaskExecutor'
2022-11-23 14:33:08.224  WARN 44588 --- [    Test worker] aWebConfiguration$JpaWebMvcConfiguration : spring.jpa.open-in-view is enabled by default. Therefore, database queries may be performed during view rendering. Explicitly configure spring.jpa.open-in-view to disable this warning
2022-11-23 14:33:08.255  INFO 44588 --- [    Test worker] o.s.b.a.w.s.WelcomePageHandlerMapping    : Adding welcome page template: index
2022-11-23 14:33:08.448  INFO 44588 --- [    Test worker] s.a.ScheduledAnnotationBeanPostProcessor : No TaskScheduler/ScheduledExecutorService bean found for scheduled processing
2022-11-23 14:33:08.463  INFO 44588 --- [    Test worker] o.s.b.w.embedded.tomcat.TomcatWebServer  : Tomcat started on port(s): 52687 (http) with context path ''
2022-11-23 14:33:08.465  INFO 44588 --- [    Test worker] c.s.b.s.web.ProfileControllerTest        : Started ProfileControllerTest in 3.552 seconds (JVM running for 4.454)
2022-11-23 14:33:08.568  INFO 44588 --- [o-auto-1-exec-1] o.a.c.c.C.[Tomcat].[localhost].[/]       : Initializing Spring DispatcherServlet 'dispatcherServlet'
2022-11-23 14:33:08.568  INFO 44588 --- [o-auto-1-exec-1] o.s.web.servlet.DispatcherServlet        : Initializing Servlet 'dispatcherServlet'
2022-11-23 14:33:08.578  INFO 44588 --- [o-auto-1-exec-1] o.s.web.servlet.DispatcherServlet        : Completed initialization in 10 ms
]]></system-out>
  <system-err><![CDATA[]]></system-err>
</testsuite>
