<?xml version="1.0" encoding="UTF-8"?>
<testsuite name="com.springbootstudy.book.springboot.web.HelloControllerTest" tests="2" skipped="0" failures="0" errors="0" timestamp="2022-11-17T09:29:04" hostname="MINGYUPC" time="0.262">
  <properties/>
  <testcase name="hello가_리턴된다" classname="com.springbootstudy.book.springboot.web.HelloControllerTest" time="0.225"/>
  <testcase name="helloDto가_리턴된다" classname="com.springbootstudy.book.springboot.web.HelloControllerTest" time="0.037"/>
  <system-out><![CDATA[18:29:02.870 [Test worker] DEBUG org.springframework.test.context.junit4.SpringJUnit4ClassRunner - SpringJUnit4ClassRunner constructor called with [class com.springbootstudy.book.springboot.web.HelloControllerTest]
18:29:02.875 [Test worker] DEBUG org.springframework.test.context.BootstrapUtils - Instantiating CacheAwareContextLoaderDelegate from class [org.springframework.test.context.cache.DefaultCacheAwareContextLoaderDelegate]
18:29:02.879 [Test worker] DEBUG org.springframework.test.context.BootstrapUtils - Instantiating BootstrapContext using constructor [public org.springframework.test.context.support.DefaultBootstrapContext(java.lang.Class,org.springframework.test.context.CacheAwareContextLoaderDelegate)]
18:29:02.887 [Test worker] DEBUG org.springframework.test.context.BootstrapUtils - Instantiating TestContextBootstrapper for test class [com.springbootstudy.book.springboot.web.HelloControllerTest] from class [org.springframework.boot.test.autoconfigure.web.servlet.WebMvcTestContextBootstrapper]
18:29:02.895 [Test worker] INFO org.springframework.boot.test.autoconfigure.web.servlet.WebMvcTestContextBootstrapper - Neither @ContextConfiguration nor @ContextHierarchy found for test class [com.springbootstudy.book.springboot.web.HelloControllerTest], using SpringBootContextLoader
18:29:02.897 [Test worker] DEBUG org.springframework.test.context.support.AbstractContextLoader - Did not detect default resource location for test class [com.springbootstudy.book.springboot.web.HelloControllerTest]: class path resource [com/springbootstudy/book/springboot/web/HelloControllerTest-context.xml] does not exist
18:29:02.897 [Test worker] DEBUG org.springframework.test.context.support.AbstractContextLoader - Did not detect default resource location for test class [com.springbootstudy.book.springboot.web.HelloControllerTest]: class path resource [com/springbootstudy/book/springboot/web/HelloControllerTestContext.groovy] does not exist
18:29:02.897 [Test worker] INFO org.springframework.test.context.support.AbstractContextLoader - Could not detect default resource locations for test class [com.springbootstudy.book.springboot.web.HelloControllerTest]: no resource found for suffixes {-context.xml, Context.groovy}.
18:29:02.898 [Test worker] INFO org.springframework.test.context.support.AnnotationConfigContextLoaderUtils - Could not detect default configuration classes for test class [com.springbootstudy.book.springboot.web.HelloControllerTest]: HelloControllerTest does not declare any static, non-private, non-final, nested classes annotated with @Configuration.
18:29:02.934 [Test worker] DEBUG org.springframework.test.context.support.ActiveProfilesUtils - Could not find an 'annotation declaring class' for annotation type [org.springframework.test.context.ActiveProfiles] and class [com.springbootstudy.book.springboot.web.HelloControllerTest]
18:29:02.970 [Test worker] DEBUG org.springframework.context.annotation.ClassPathScanningCandidateComponentProvider - Identified candidate component class: file [C:\SpringBootStudy\springbootstudy\build\classes\java\main\com\springbootstudy\book\springboot\Application.class]
18:29:02.971 [Test worker] INFO org.springframework.boot.test.context.SpringBootTestContextBootstrapper - Found @SpringBootConfiguration com.springbootstudy.book.springboot.Application for test class com.springbootstudy.book.springboot.web.HelloControllerTest
18:29:02.972 [Test worker] DEBUG org.springframework.boot.test.autoconfigure.web.servlet.WebMvcTestContextBootstrapper - @TestExecutionListeners is not present for class [com.springbootstudy.book.springboot.web.HelloControllerTest]: using defaults.
18:29:02.972 [Test worker] INFO org.springframework.boot.test.autoconfigure.web.servlet.WebMvcTestContextBootstrapper - Loaded default TestExecutionListener class names from location [META-INF/spring.factories]: [org.springframework.security.test.context.support.WithSecurityContextTestExecutionListener, org.springframework.security.test.context.support.ReactorContextTestExecutionListener, org.springframework.boot.test.autoconfigure.restdocs.RestDocsTestExecutionListener, org.springframework.boot.test.autoconfigure.web.client.MockRestServiceServerResetTestExecutionListener, org.springframework.boot.test.autoconfigure.web.servlet.MockMvcPrintOnlyOnFailureTestExecutionListener, org.springframework.boot.test.autoconfigure.web.servlet.WebDriverTestExecutionListener, org.springframework.boot.test.mock.mockito.MockitoTestExecutionListener, org.springframework.boot.test.mock.mockito.ResetMocksTestExecutionListener, org.springframework.test.context.web.ServletTestExecutionListener, org.springframework.test.context.support.DirtiesContextBeforeModesTestExecutionListener, org.springframework.test.context.support.DependencyInjectionTestExecutionListener, org.springframework.test.context.support.DirtiesContextTestExecutionListener, org.springframework.test.context.transaction.TransactionalTestExecutionListener, org.springframework.test.context.jdbc.SqlScriptsTestExecutionListener]
18:29:02.981 [Test worker] INFO org.springframework.boot.test.autoconfigure.web.servlet.WebMvcTestContextBootstrapper - Using TestExecutionListeners: [org.springframework.test.context.web.ServletTestExecutionListener@11981797, org.springframework.test.context.support.DirtiesContextBeforeModesTestExecutionListener@5c42d2b7, org.springframework.boot.test.mock.mockito.MockitoTestExecutionListener@625abb97, org.springframework.boot.test.autoconfigure.SpringBootDependencyInjectionTestExecutionListener@5b1f29fa, org.springframework.test.context.support.DirtiesContextTestExecutionListener@aeab9a1, org.springframework.test.context.transaction.TransactionalTestExecutionListener@40f70521, org.springframework.test.context.jdbc.SqlScriptsTestExecutionListener@774698ab, org.springframework.security.test.context.support.WithSecurityContextTestExecutionListener@55342f40, org.springframework.security.test.context.support.ReactorContextTestExecutionListener@a4ca3f6, org.springframework.boot.test.autoconfigure.restdocs.RestDocsTestExecutionListener@72ea6193, org.springframework.boot.test.autoconfigure.web.client.MockRestServiceServerResetTestExecutionListener@31aa3ca5, org.springframework.boot.test.autoconfigure.web.servlet.MockMvcPrintOnlyOnFailureTestExecutionListener@45905bff, org.springframework.boot.test.autoconfigure.web.servlet.WebDriverTestExecutionListener@2a2c13a8, org.springframework.boot.test.mock.mockito.ResetMocksTestExecutionListener@b6b1987]
18:29:02.983 [Test worker] DEBUG org.springframework.test.annotation.ProfileValueUtils - Retrieved @ProfileValueSourceConfiguration [null] for test class [com.springbootstudy.book.springboot.web.HelloControllerTest]
18:29:02.983 [Test worker] DEBUG org.springframework.test.annotation.ProfileValueUtils - Retrieved ProfileValueSource type [class org.springframework.test.annotation.SystemProfileValueSource] for class [com.springbootstudy.book.springboot.web.HelloControllerTest]
18:29:02.983 [Test worker] DEBUG org.springframework.test.annotation.ProfileValueUtils - Retrieved @ProfileValueSourceConfiguration [null] for test class [com.springbootstudy.book.springboot.web.HelloControllerTest]
18:29:02.983 [Test worker] DEBUG org.springframework.test.annotation.ProfileValueUtils - Retrieved ProfileValueSource type [class org.springframework.test.annotation.SystemProfileValueSource] for class [com.springbootstudy.book.springboot.web.HelloControllerTest]
18:29:02.986 [Test worker] DEBUG org.springframework.test.context.support.AbstractDirtiesContextTestExecutionListener - Before test class: context [DefaultTestContext@665df3c6 testClass = HelloControllerTest, testInstance = [null], testMethod = [null], testException = [null], mergedContextConfiguration = [WebMergedContextConfiguration@68b6f0d6 testClass = HelloControllerTest, locations = '{}', classes = '{class com.springbootstudy.book.springboot.Application}', contextInitializerClasses = '[]', activeProfiles = '{}', propertySourceLocations = '{}', propertySourceProperties = '{org.springframework.boot.test.autoconfigure.web.servlet.WebMvcTestContextBootstrapper=true}', contextCustomizers = set[org.springframework.boot.test.autoconfigure.OverrideAutoConfigurationContextCustomizerFactory$DisableAutoConfigurationContextCustomizer@19b93fa8, org.springframework.boot.test.autoconfigure.filter.TypeExcludeFiltersContextCustomizer@63457d8e, org.springframework.boot.test.autoconfigure.properties.PropertyMappingContextCustomizer@a0be01f, org.springframework.boot.test.autoconfigure.web.servlet.WebDriverContextCustomizerFactory$Customizer@db57326, [ImportsContextCustomizer@4044fb95 key = [org.springframework.boot.autoconfigure.cache.CacheAutoConfiguration, org.springframework.boot.autoconfigure.context.MessageSourceAutoConfiguration, org.springframework.boot.autoconfigure.data.web.SpringDataWebAutoConfiguration, org.springframework.boot.autoconfigure.freemarker.FreeMarkerAutoConfiguration, org.springframework.boot.autoconfigure.groovy.template.GroovyTemplateAutoConfiguration, org.springframework.boot.autoconfigure.gson.GsonAutoConfiguration, org.springframework.boot.autoconfigure.hateoas.HypermediaAutoConfiguration, org.springframework.boot.autoconfigure.http.HttpMessageConvertersAutoConfiguration, org.springframework.boot.autoconfigure.jackson.JacksonAutoConfiguration, org.springframework.boot.autoconfigure.jsonb.JsonbAutoConfiguration, org.springframework.boot.autoconfigure.mustache.MustacheAutoConfiguration, org.springframework.boot.autoconfigure.task.TaskExecutionAutoConfiguration, org.springframework.boot.autoconfigure.thymeleaf.ThymeleafAutoConfiguration, org.springframework.boot.autoconfigure.validation.ValidationAutoConfiguration, org.springframework.boot.autoconfigure.web.servlet.error.ErrorMvcAutoConfiguration, org.springframework.boot.autoconfigure.web.servlet.WebMvcAutoConfiguration, org.springframework.boot.test.autoconfigure.web.servlet.MockMvcAutoConfiguration, org.springframework.boot.test.autoconfigure.web.servlet.MockMvcSecurityAutoConfiguration, org.springframework.boot.test.autoconfigure.web.servlet.MockMvcWebClientAutoConfiguration, org.springframework.boot.test.autoconfigure.web.servlet.MockMvcWebDriverAutoConfiguration]], org.springframework.boot.test.context.filter.ExcludeFilterContextCustomizer@17aad511, org.springframework.boot.test.json.DuplicateJsonObjectContextCustomizerFactory$DuplicateJsonObjectContextCustomizer@22bac7bc, org.springframework.boot.test.mock.mockito.MockitoContextCustomizer@0], resourceBasePath = 'src/main/webapp', contextLoader = 'org.springframework.boot.test.context.SpringBootContextLoader', parent = [null]], attributes = map[[empty]]], class annotated with @DirtiesContext [false] with mode [null].
18:29:02.986 [Test worker] DEBUG org.springframework.test.annotation.ProfileValueUtils - Retrieved @ProfileValueSourceConfiguration [null] for test class [com.springbootstudy.book.springboot.web.HelloControllerTest]
18:29:02.986 [Test worker] DEBUG org.springframework.test.annotation.ProfileValueUtils - Retrieved ProfileValueSource type [class org.springframework.test.annotation.SystemProfileValueSource] for class [com.springbootstudy.book.springboot.web.HelloControllerTest]
18:29:02.988 [Test worker] DEBUG org.springframework.test.context.support.DependencyInjectionTestExecutionListener - Performing dependency injection for test context [[DefaultTestContext@665df3c6 testClass = HelloControllerTest, testInstance = com.springbootstudy.book.springboot.web.HelloControllerTest@a5bd950, testMethod = [null], testException = [null], mergedContextConfiguration = [WebMergedContextConfiguration@68b6f0d6 testClass = HelloControllerTest, locations = '{}', classes = '{class com.springbootstudy.book.springboot.Application}', contextInitializerClasses = '[]', activeProfiles = '{}', propertySourceLocations = '{}', propertySourceProperties = '{org.springframework.boot.test.autoconfigure.web.servlet.WebMvcTestContextBootstrapper=true}', contextCustomizers = set[org.springframework.boot.test.autoconfigure.OverrideAutoConfigurationContextCustomizerFactory$DisableAutoConfigurationContextCustomizer@19b93fa8, org.springframework.boot.test.autoconfigure.filter.TypeExcludeFiltersContextCustomizer@63457d8e, org.springframework.boot.test.autoconfigure.properties.PropertyMappingContextCustomizer@a0be01f, org.springframework.boot.test.autoconfigure.web.servlet.WebDriverContextCustomizerFactory$Customizer@db57326, [ImportsContextCustomizer@4044fb95 key = [org.springframework.boot.autoconfigure.cache.CacheAutoConfiguration, org.springframework.boot.autoconfigure.context.MessageSourceAutoConfiguration, org.springframework.boot.autoconfigure.data.web.SpringDataWebAutoConfiguration, org.springframework.boot.autoconfigure.freemarker.FreeMarkerAutoConfiguration, org.springframework.boot.autoconfigure.groovy.template.GroovyTemplateAutoConfiguration, org.springframework.boot.autoconfigure.gson.GsonAutoConfiguration, org.springframework.boot.autoconfigure.hateoas.HypermediaAutoConfiguration, org.springframework.boot.autoconfigure.http.HttpMessageConvertersAutoConfiguration, org.springframework.boot.autoconfigure.jackson.JacksonAutoConfiguration, org.springframework.boot.autoconfigure.jsonb.JsonbAutoConfiguration, org.springframework.boot.autoconfigure.mustache.MustacheAutoConfiguration, org.springframework.boot.autoconfigure.task.TaskExecutionAutoConfiguration, org.springframework.boot.autoconfigure.thymeleaf.ThymeleafAutoConfiguration, org.springframework.boot.autoconfigure.validation.ValidationAutoConfiguration, org.springframework.boot.autoconfigure.web.servlet.error.ErrorMvcAutoConfiguration, org.springframework.boot.autoconfigure.web.servlet.WebMvcAutoConfiguration, org.springframework.boot.test.autoconfigure.web.servlet.MockMvcAutoConfiguration, org.springframework.boot.test.autoconfigure.web.servlet.MockMvcSecurityAutoConfiguration, org.springframework.boot.test.autoconfigure.web.servlet.MockMvcWebClientAutoConfiguration, org.springframework.boot.test.autoconfigure.web.servlet.MockMvcWebDriverAutoConfiguration]], org.springframework.boot.test.context.filter.ExcludeFilterContextCustomizer@17aad511, org.springframework.boot.test.json.DuplicateJsonObjectContextCustomizerFactory$DuplicateJsonObjectContextCustomizer@22bac7bc, org.springframework.boot.test.mock.mockito.MockitoContextCustomizer@0], resourceBasePath = 'src/main/webapp', contextLoader = 'org.springframework.boot.test.context.SpringBootContextLoader', parent = [null]], attributes = map[[empty]]]].
18:29:03.037 [Test worker] DEBUG org.springframework.test.context.support.TestPropertySourceUtils - Adding inlined properties to environment: {spring.jmx.enabled=false, org.springframework.boot.test.autoconfigure.web.servlet.WebMvcTestContextBootstrapper=true, server.port=-1}

  .   ____          _            __ _ _
 /\\ / ___'_ __ _ _(_)_ __  __ _ \ \ \ \
( ( )\___ | '_ | '_| | '_ \/ _` | \ \ \ \
 \\/  ___)| |_)| | | | | || (_| |  ) ) ) )
  '  |____| .__|_| |_|_| |_\__, | / / / /
 =========|_|==============|___/=/_/_/_/
 :: Spring Boot ::        (v2.1.7.RELEASE)

2022-11-17 18:29:03.199  INFO 35672 --- [    Test worker] c.s.b.s.web.HelloControllerTest          : Starting HelloControllerTest on MinGyuPC with PID 35672 (started by mingy in C:\SpringBootStudy\springbootstudy)
2022-11-17 18:29:03.200  INFO 35672 --- [    Test worker] c.s.b.s.web.HelloControllerTest          : The following profiles are active: oauth
2022-11-17 18:29:03.867  INFO 35672 --- [    Test worker] o.s.s.concurrent.ThreadPoolTaskExecutor  : Initializing ExecutorService 'applicationTaskExecutor'
2022-11-17 18:29:03.912  INFO 35672 --- [    Test worker] o.s.b.a.w.s.WelcomePageHandlerMapping    : Adding welcome page template: index
2022-11-17 18:29:04.103  INFO 35672 --- [    Test worker] .s.s.UserDetailsServiceAutoConfiguration : 

Using generated security password: 054900cc-e21e-4b24-a4ad-4f9fe1925628

2022-11-17 18:29:04.190  INFO 35672 --- [    Test worker] o.s.s.web.DefaultSecurityFilterChain     : Creating filter chain: any request, [org.springframework.security.web.context.request.async.WebAsyncManagerIntegrationFilter@2a8f6e6, org.springframework.security.web.context.SecurityContextPersistenceFilter@4dfdfe7d, org.springframework.security.web.header.HeaderWriterFilter@6c17c0f8, org.springframework.security.web.csrf.CsrfFilter@310a7859, org.springframework.security.web.authentication.logout.LogoutFilter@45a1d057, org.springframework.security.web.authentication.UsernamePasswordAuthenticationFilter@3ca14cf4, org.springframework.security.web.authentication.ui.DefaultLoginPageGeneratingFilter@23310248, org.springframework.security.web.authentication.ui.DefaultLogoutPageGeneratingFilter@1ac730cd, org.springframework.security.web.authentication.www.BasicAuthenticationFilter@79627d27, org.springframework.security.web.savedrequest.RequestCacheAwareFilter@c1e14f, org.springframework.security.web.servletapi.SecurityContextHolderAwareRequestFilter@415a3f6a, org.springframework.security.web.authentication.AnonymousAuthenticationFilter@668cc9a2, org.springframework.security.web.session.SessionManagementFilter@88b76f2, org.springframework.security.web.access.ExceptionTranslationFilter@70716259, org.springframework.security.web.access.intercept.FilterSecurityInterceptor@2a87ba34]
2022-11-17 18:29:04.211  INFO 35672 --- [    Test worker] o.s.b.t.m.w.SpringBootMockServletContext : Initializing Spring TestDispatcherServlet ''
2022-11-17 18:29:04.211  INFO 35672 --- [    Test worker] o.s.t.web.servlet.TestDispatcherServlet  : Initializing Servlet ''
2022-11-17 18:29:04.218  INFO 35672 --- [    Test worker] o.s.t.web.servlet.TestDispatcherServlet  : Completed initialization in 7 ms
2022-11-17 18:29:04.247  INFO 35672 --- [    Test worker] c.s.b.s.web.HelloControllerTest          : Started HelloControllerTest in 1.204 seconds (JVM running for 1.848)
]]></system-out>
  <system-err><![CDATA[]]></system-err>
</testsuite>
