<?xml version="1.0" encoding="UTF-8"?>
<testsuite name="com.springbootstudy.book.springboot.web.IndexControllerTest" tests="1" skipped="0" failures="0" errors="0" timestamp="2022-11-17T09:29:07" hostname="MINGYUPC" time="0.081">
  <properties/>
  <testcase name="메인페이지_로딩" classname="com.springbootstudy.book.springboot.web.IndexControllerTest" time="0.081"/>
  <system-out><![CDATA[2022-11-17 18:29:07.682  INFO 35672 --- [    Test worker] .b.t.c.SpringBootTestContextBootstrapper : Neither @ContextConfiguration nor @ContextHierarchy found for test class [com.springbootstudy.book.springboot.web.IndexControllerTest], using SpringBootContextLoader
2022-11-17 18:29:07.682  INFO 35672 --- [    Test worker] o.s.t.c.support.AbstractContextLoader    : Could not detect default resource locations for test class [com.springbootstudy.book.springboot.web.IndexControllerTest]: no resource found for suffixes {-context.xml, Context.groovy}.
2022-11-17 18:29:07.682  INFO 35672 --- [    Test worker] t.c.s.AnnotationConfigContextLoaderUtils : Could not detect default configuration classes for test class [com.springbootstudy.book.springboot.web.IndexControllerTest]: IndexControllerTest does not declare any static, non-private, non-final, nested classes annotated with @Configuration.
2022-11-17 18:29:07.683  INFO 35672 --- [    Test worker] .b.t.c.SpringBootTestContextBootstrapper : Found @SpringBootConfiguration com.springbootstudy.book.springboot.Application for test class com.springbootstudy.book.springboot.web.IndexControllerTest
2022-11-17 18:29:07.684  INFO 35672 --- [    Test worker] .b.t.c.SpringBootTestContextBootstrapper : Loaded default TestExecutionListener class names from location [META-INF/spring.factories]: [org.springframework.security.test.context.support.WithSecurityContextTestExecutionListener, org.springframework.security.test.context.support.ReactorContextTestExecutionListener, org.springframework.boot.test.autoconfigure.restdocs.RestDocsTestExecutionListener, org.springframework.boot.test.autoconfigure.web.client.MockRestServiceServerResetTestExecutionListener, org.springframework.boot.test.autoconfigure.web.servlet.MockMvcPrintOnlyOnFailureTestExecutionListener, org.springframework.boot.test.autoconfigure.web.servlet.WebDriverTestExecutionListener, org.springframework.boot.test.mock.mockito.MockitoTestExecutionListener, org.springframework.boot.test.mock.mockito.ResetMocksTestExecutionListener, org.springframework.test.context.web.ServletTestExecutionListener, org.springframework.test.context.support.DirtiesContextBeforeModesTestExecutionListener, org.springframework.test.context.support.DependencyInjectionTestExecutionListener, org.springframework.test.context.support.DirtiesContextTestExecutionListener, org.springframework.test.context.transaction.TransactionalTestExecutionListener, org.springframework.test.context.jdbc.SqlScriptsTestExecutionListener]
2022-11-17 18:29:07.684  INFO 35672 --- [    Test worker] .b.t.c.SpringBootTestContextBootstrapper : Using TestExecutionListeners: [org.springframework.test.context.web.ServletTestExecutionListener@52caa9d8, org.springframework.test.context.support.DirtiesContextBeforeModesTestExecutionListener@521981d9, org.springframework.boot.test.mock.mockito.MockitoTestExecutionListener@53e780d7, org.springframework.boot.test.autoconfigure.SpringBootDependencyInjectionTestExecutionListener@181909f0, org.springframework.test.context.support.DirtiesContextTestExecutionListener@1f9af742, org.springframework.test.context.transaction.TransactionalTestExecutionListener@113ba21, org.springframework.test.context.jdbc.SqlScriptsTestExecutionListener@6e1d63ec, org.springframework.security.test.context.support.WithSecurityContextTestExecutionListener@3e1ba156, org.springframework.security.test.context.support.ReactorContextTestExecutionListener@76737130, org.springframework.boot.test.autoconfigure.restdocs.RestDocsTestExecutionListener@6a2d1f6d, org.springframework.boot.test.autoconfigure.web.client.MockRestServiceServerResetTestExecutionListener@6f2a13c7, org.springframework.boot.test.autoconfigure.web.servlet.MockMvcPrintOnlyOnFailureTestExecutionListener@c581e65, org.springframework.boot.test.autoconfigure.web.servlet.WebDriverTestExecutionListener@61cf142f, org.springframework.boot.test.mock.mockito.ResetMocksTestExecutionListener@631bb90c]
2022-11-17 18:29:07.730  INFO 35672 --- [o-auto-1-exec-1] o.a.c.c.C.[Tomcat].[localhost].[/]       : Initializing Spring DispatcherServlet 'dispatcherServlet'
2022-11-17 18:29:07.730  INFO 35672 --- [o-auto-1-exec-1] o.s.web.servlet.DispatcherServlet        : Initializing Servlet 'dispatcherServlet'
2022-11-17 18:29:07.732  INFO 35672 --- [o-auto-1-exec-1] o.s.web.servlet.DispatcherServlet        : Completed initialization in 2 ms
Hibernate: select posts0_.id as id1_0_, posts0_.created_date as created_2_0_, posts0_.modified_date as modified3_0_, posts0_.author as author4_0_, posts0_.content as content5_0_, posts0_.title as title6_0_ from posts posts0_ order by posts0_.id desc
]]></system-out>
  <system-err><![CDATA[]]></system-err>
</testsuite>
