<?xml version="1.0" encoding="UTF-8"?>
<testsuite name="com.springbootstudy.book.springboot.domain.posts.PostRepositoryTest" tests="2" skipped="0" failures="0" errors="0" timestamp="2022-11-17T09:29:06" hostname="MINGYUPC" time="0.113">
  <properties/>
  <testcase name="게시글저장_불러오기" classname="com.springbootstudy.book.springboot.domain.posts.PostRepositoryTest" time="0.106"/>
  <testcase name="BaseTimeEntity_등록" classname="com.springbootstudy.book.springboot.domain.posts.PostRepositoryTest" time="0.006"/>
  <system-out><![CDATA[2022-11-17 18:29:04.518  INFO 35672 --- [    Test worker] .b.t.c.SpringBootTestContextBootstrapper : Neither @ContextConfiguration nor @ContextHierarchy found for test class [com.springbootstudy.book.springboot.domain.posts.PostRepositoryTest], using SpringBootContextLoader
2022-11-17 18:29:04.519  INFO 35672 --- [    Test worker] o.s.t.c.support.AbstractContextLoader    : Could not detect default resource locations for test class [com.springbootstudy.book.springboot.domain.posts.PostRepositoryTest]: no resource found for suffixes {-context.xml, Context.groovy}.
2022-11-17 18:29:04.519  INFO 35672 --- [    Test worker] t.c.s.AnnotationConfigContextLoaderUtils : Could not detect default configuration classes for test class [com.springbootstudy.book.springboot.domain.posts.PostRepositoryTest]: PostRepositoryTest does not declare any static, non-private, non-final, nested classes annotated with @Configuration.
2022-11-17 18:29:04.524  INFO 35672 --- [    Test worker] .b.t.c.SpringBootTestContextBootstrapper : Found @SpringBootConfiguration com.springbootstudy.book.springboot.Application for test class com.springbootstudy.book.springboot.domain.posts.PostRepositoryTest
2022-11-17 18:29:04.525  INFO 35672 --- [    Test worker] .b.t.c.SpringBootTestContextBootstrapper : Loaded default TestExecutionListener class names from location [META-INF/spring.factories]: [org.springframework.security.test.context.support.WithSecurityContextTestExecutionListener, org.springframework.security.test.context.support.ReactorContextTestExecutionListener, org.springframework.boot.test.autoconfigure.restdocs.RestDocsTestExecutionListener, org.springframework.boot.test.autoconfigure.web.client.MockRestServiceServerResetTestExecutionListener, org.springframework.boot.test.autoconfigure.web.servlet.MockMvcPrintOnlyOnFailureTestExecutionListener, org.springframework.boot.test.autoconfigure.web.servlet.WebDriverTestExecutionListener, org.springframework.boot.test.mock.mockito.MockitoTestExecutionListener, org.springframework.boot.test.mock.mockito.ResetMocksTestExecutionListener, org.springframework.test.context.web.ServletTestExecutionListener, org.springframework.test.context.support.DirtiesContextBeforeModesTestExecutionListener, org.springframework.test.context.support.DependencyInjectionTestExecutionListener, org.springframework.test.context.support.DirtiesContextTestExecutionListener, org.springframework.test.context.transaction.TransactionalTestExecutionListener, org.springframework.test.context.jdbc.SqlScriptsTestExecutionListener]
2022-11-17 18:29:04.525  INFO 35672 --- [    Test worker] .b.t.c.SpringBootTestContextBootstrapper : Using TestExecutionListeners: [org.springframework.test.context.web.ServletTestExecutionListener@7e0986c9, org.springframework.test.context.support.DirtiesContextBeforeModesTestExecutionListener@1377b1a0, org.springframework.boot.test.mock.mockito.MockitoTestExecutionListener@48cf8414, org.springframework.boot.test.autoconfigure.SpringBootDependencyInjectionTestExecutionListener@27dbaa33, org.springframework.test.context.support.DirtiesContextTestExecutionListener@15d65fcf, org.springframework.test.context.transaction.TransactionalTestExecutionListener@3b021664, org.springframework.test.context.jdbc.SqlScriptsTestExecutionListener@f59da34, org.springframework.security.test.context.support.WithSecurityContextTestExecutionListener@752973de, org.springframework.security.test.context.support.ReactorContextTestExecutionListener@52a67293, org.springframework.boot.test.autoconfigure.restdocs.RestDocsTestExecutionListener@793cef95, org.springframework.boot.test.autoconfigure.web.client.MockRestServiceServerResetTestExecutionListener@38f502fc, org.springframework.boot.test.autoconfigure.web.servlet.MockMvcPrintOnlyOnFailureTestExecutionListener@67c21bf, org.springframework.boot.test.autoconfigure.web.servlet.WebDriverTestExecutionListener@67afe909, org.springframework.boot.test.mock.mockito.ResetMocksTestExecutionListener@79f1e22e]

  .   ____          _            __ _ _
 /\\ / ___'_ __ _ _(_)_ __  __ _ \ \ \ \
( ( )\___ | '_ | '_| | '_ \/ _` | \ \ \ \
 \\/  ___)| |_)| | | | | || (_| |  ) ) ) )
  '  |____| .__|_| |_|_| |_\__, | / / / /
 =========|_|==============|___/=/_/_/_/
 :: Spring Boot ::        (v2.1.7.RELEASE)

2022-11-17 18:29:04.538  INFO 35672 --- [    Test worker] c.s.b.s.domain.posts.PostRepositoryTest  : Starting PostRepositoryTest on MinGyuPC with PID 35672 (started by mingy in C:\SpringBootStudy\springbootstudy)
2022-11-17 18:29:04.538  INFO 35672 --- [    Test worker] c.s.b.s.domain.posts.PostRepositoryTest  : The following profiles are active: oauth
2022-11-17 18:29:04.760  INFO 35672 --- [    Test worker] .s.d.r.c.RepositoryConfigurationDelegate : Bootstrapping Spring Data repositories in DEFAULT mode.
2022-11-17 18:29:04.802  INFO 35672 --- [    Test worker] .s.d.r.c.RepositoryConfigurationDelegate : Finished Spring Data repository scanning in 37ms. Found 2 repository interfaces.
2022-11-17 18:29:04.935  INFO 35672 --- [    Test worker] trationDelegate$BeanPostProcessorChecker : Bean 'org.springframework.transaction.annotation.ProxyTransactionManagementConfiguration' of type [org.springframework.transaction.annotation.ProxyTransactionManagementConfiguration$$EnhancerBySpringCGLIB$$41bfc57b] is not eligible for getting processed by all BeanPostProcessors (for example: not eligible for auto-proxying)
2022-11-17 18:29:05.014  INFO 35672 --- [    Test worker] com.zaxxer.hikari.HikariDataSource       : HikariPool-1 - Starting...
2022-11-17 18:29:05.107  INFO 35672 --- [    Test worker] com.zaxxer.hikari.HikariDataSource       : HikariPool-1 - Start completed.
2022-11-17 18:29:05.172  INFO 35672 --- [    Test worker] o.hibernate.jpa.internal.util.LogHelper  : HHH000204: Processing PersistenceUnitInfo [
	name: default
	...]
2022-11-17 18:29:05.231  INFO 35672 --- [    Test worker] org.hibernate.Version                    : HHH000412: Hibernate Core {5.3.10.Final}
2022-11-17 18:29:05.232  INFO 35672 --- [    Test worker] org.hibernate.cfg.Environment            : HHH000206: hibernate.properties not found
2022-11-17 18:29:05.278  INFO 35672 --- [    Test worker] o.hibernate.annotations.common.Version   : HCANN000001: Hibernate Commons Annotations {5.0.4.Final}
2022-11-17 18:29:05.390  INFO 35672 --- [    Test worker] org.hibernate.dialect.Dialect            : HHH000400: Using dialect: org.hibernate.dialect.MySQL5InnoDBDialect
Hibernate: drop table if exists posts
Hibernate: drop table if exists user
Hibernate: create table posts (id bigint not null auto_increment, created_date datetime, modified_date datetime, author varchar(255), content TEXT not null, title varchar(500) not null, primary key (id)) engine=InnoDB
Hibernate: create table user (id bigint not null auto_increment, created_date datetime, modified_date datetime, email varchar(255) not null, name varchar(255) not null, picture varchar(255), role varchar(255) not null, primary key (id)) engine=InnoDB
2022-11-17 18:29:05.699  INFO 35672 --- [    Test worker] o.h.t.schema.internal.SchemaCreatorImpl  : HHH000476: Executing import script 'org.hibernate.tool.schema.internal.exec.ScriptSourceInputNonExistentImpl@66e62e19'
2022-11-17 18:29:05.702  INFO 35672 --- [    Test worker] j.LocalContainerEntityManagerFactoryBean : Initialized JPA EntityManagerFactory for persistence unit 'default'
2022-11-17 18:29:06.031  INFO 35672 --- [    Test worker] o.h.h.i.QueryTranslatorFactoryInitiator  : HHH000397: Using ASTQueryTranslatorFactory
2022-11-17 18:29:06.216  INFO 35672 --- [    Test worker] o.s.s.web.DefaultSecurityFilterChain     : Creating filter chain: any request, [org.springframework.security.web.context.request.async.WebAsyncManagerIntegrationFilter@5f662dd, org.springframework.security.web.context.SecurityContextPersistenceFilter@686ace1f, org.springframework.security.web.header.HeaderWriterFilter@6079d219, org.springframework.security.web.authentication.logout.LogoutFilter@6bbd4048, org.springframework.security.oauth2.client.web.OAuth2AuthorizationRequestRedirectFilter@4cf46574, org.springframework.security.oauth2.client.web.OAuth2LoginAuthenticationFilter@5799b8a2, org.springframework.security.web.authentication.ui.DefaultLoginPageGeneratingFilter@551976c2, org.springframework.security.web.authentication.ui.DefaultLogoutPageGeneratingFilter@38568876, org.springframework.security.web.savedrequest.RequestCacheAwareFilter@7dd92a36, org.springframework.security.web.servletapi.SecurityContextHolderAwareRequestFilter@531ed68e, org.springframework.security.web.authentication.AnonymousAuthenticationFilter@760ac834, org.springframework.security.web.session.SessionManagementFilter@4ed90b04, org.springframework.security.web.access.ExceptionTranslationFilter@5d1907fb, org.springframework.security.web.access.intercept.FilterSecurityInterceptor@13f255ed]
2022-11-17 18:29:06.386  INFO 35672 --- [    Test worker] o.s.s.concurrent.ThreadPoolTaskExecutor  : Initializing ExecutorService 'applicationTaskExecutor'
2022-11-17 18:29:06.392  WARN 35672 --- [    Test worker] aWebConfiguration$JpaWebMvcConfiguration : spring.jpa.open-in-view is enabled by default. Therefore, database queries may be performed during view rendering. Explicitly configure spring.jpa.open-in-view to disable this warning
2022-11-17 18:29:06.405  INFO 35672 --- [    Test worker] o.s.b.a.w.s.WelcomePageHandlerMapping    : Adding welcome page template: index
2022-11-17 18:29:06.582  INFO 35672 --- [    Test worker] s.a.ScheduledAnnotationBeanPostProcessor : No TaskScheduler/ScheduledExecutorService bean found for scheduled processing
2022-11-17 18:29:06.586  INFO 35672 --- [    Test worker] c.s.b.s.domain.posts.PostRepositoryTest  : Started PostRepositoryTest in 2.06 seconds (JVM running for 4.187)
Hibernate: insert into posts (created_date, modified_date, author, content, title) values (?, ?, ?, ?, ?)
Hibernate: select posts0_.id as id1_0_, posts0_.created_date as created_2_0_, posts0_.modified_date as modified3_0_, posts0_.author as author4_0_, posts0_.content as content5_0_, posts0_.title as title6_0_ from posts posts0_
Hibernate: select posts0_.id as id1_0_, posts0_.created_date as created_2_0_, posts0_.modified_date as modified3_0_, posts0_.author as author4_0_, posts0_.content as content5_0_, posts0_.title as title6_0_ from posts posts0_
Hibernate: delete from posts where id=?
Hibernate: insert into posts (created_date, modified_date, author, content, title) values (?, ?, ?, ?, ?)
Hibernate: select posts0_.id as id1_0_, posts0_.created_date as created_2_0_, posts0_.modified_date as modified3_0_, posts0_.author as author4_0_, posts0_.content as content5_0_, posts0_.title as title6_0_ from posts posts0_
>>>>>> createDate = 2022-11-17T18:29:06.697340, modifiedDate = 2022-11-17T18:29:06.697340
Hibernate: select posts0_.id as id1_0_, posts0_.created_date as created_2_0_, posts0_.modified_date as modified3_0_, posts0_.author as author4_0_, posts0_.content as content5_0_, posts0_.title as title6_0_ from posts posts0_
Hibernate: delete from posts where id=?
]]></system-out>
  <system-err><![CDATA[]]></system-err>
</testsuite>
