<?xml version="1.0" encoding="UTF-8"?>
<testsuite name="com.springbootstudy.book.springboot.web.HelloControllerTest" tests="2" skipped="0" failures="0" errors="0" timestamp="2022-11-23T07:35:19" hostname="MINGYUPC" time="0.027">
  <properties/>
  <testcase name="hello가_리턴된다" classname="com.springbootstudy.book.springboot.web.HelloControllerTest" time="0.01"/>
  <testcase name="helloDto가_리턴된다" classname="com.springbootstudy.book.springboot.web.HelloControllerTest" time="0.017"/>
  <system-out><![CDATA[2022-11-23 16:35:19.353  INFO 39040 --- [    Test worker] .b.t.a.w.s.WebMvcTestContextBootstrapper : Neither @ContextConfiguration nor @ContextHierarchy found for test class [com.springbootstudy.book.springboot.web.HelloControllerTest], using SpringBootContextLoader
2022-11-23 16:35:19.354  INFO 39040 --- [    Test worker] o.s.t.c.support.AbstractContextLoader    : Could not detect default resource locations for test class [com.springbootstudy.book.springboot.web.HelloControllerTest]: no resource found for suffixes {-context.xml, Context.groovy}.
2022-11-23 16:35:19.354  INFO 39040 --- [    Test worker] t.c.s.AnnotationConfigContextLoaderUtils : Could not detect default configuration classes for test class [com.springbootstudy.book.springboot.web.HelloControllerTest]: HelloControllerTest does not declare any static, non-private, non-final, nested classes annotated with @Configuration.
2022-11-23 16:35:19.366  INFO 39040 --- [    Test worker] .b.t.c.SpringBootTestContextBootstrapper : Found @SpringBootConfiguration com.springbootstudy.book.springboot.Application for test class com.springbootstudy.book.springboot.web.HelloControllerTest
2022-11-23 16:35:19.366  INFO 39040 --- [    Test worker] .b.t.a.w.s.WebMvcTestContextBootstrapper : Loaded default TestExecutionListener class names from location [META-INF/spring.factories]: [org.springframework.security.test.context.support.WithSecurityContextTestExecutionListener, org.springframework.security.test.context.support.ReactorContextTestExecutionListener, org.springframework.boot.test.autoconfigure.restdocs.RestDocsTestExecutionListener, org.springframework.boot.test.autoconfigure.web.client.MockRestServiceServerResetTestExecutionListener, org.springframework.boot.test.autoconfigure.web.servlet.MockMvcPrintOnlyOnFailureTestExecutionListener, org.springframework.boot.test.autoconfigure.web.servlet.WebDriverTestExecutionListener, org.springframework.boot.test.mock.mockito.MockitoTestExecutionListener, org.springframework.boot.test.mock.mockito.ResetMocksTestExecutionListener, org.springframework.test.context.web.ServletTestExecutionListener, org.springframework.test.context.support.DirtiesContextBeforeModesTestExecutionListener, org.springframework.test.context.support.DependencyInjectionTestExecutionListener, org.springframework.test.context.support.DirtiesContextTestExecutionListener, org.springframework.test.context.transaction.TransactionalTestExecutionListener, org.springframework.test.context.jdbc.SqlScriptsTestExecutionListener]
2022-11-23 16:35:19.367  INFO 39040 --- [    Test worker] .b.t.a.w.s.WebMvcTestContextBootstrapper : Using TestExecutionListeners: [org.springframework.test.context.web.ServletTestExecutionListener@582ce329, org.springframework.test.context.support.DirtiesContextBeforeModesTestExecutionListener@6df8131c, org.springframework.boot.test.mock.mockito.MockitoTestExecutionListener@5e888fba, org.springframework.boot.test.autoconfigure.SpringBootDependencyInjectionTestExecutionListener@3d2af8d7, org.springframework.test.context.support.DirtiesContextTestExecutionListener@22071f0, org.springframework.test.context.transaction.TransactionalTestExecutionListener@2fedf25b, org.springframework.test.context.jdbc.SqlScriptsTestExecutionListener@35825d43, org.springframework.security.test.context.support.WithSecurityContextTestExecutionListener@5f84e764, org.springframework.security.test.context.support.ReactorContextTestExecutionListener@5eaab295, org.springframework.boot.test.autoconfigure.restdocs.RestDocsTestExecutionListener@1e95fc31, org.springframework.boot.test.autoconfigure.web.client.MockRestServiceServerResetTestExecutionListener@395ac2e5, org.springframework.boot.test.autoconfigure.web.servlet.MockMvcPrintOnlyOnFailureTestExecutionListener@419dbd6d, org.springframework.boot.test.autoconfigure.web.servlet.WebDriverTestExecutionListener@4a2891d1, org.springframework.boot.test.mock.mockito.ResetMocksTestExecutionListener@7b6d88d1]

  .   ____          _            __ _ _
 /\\ / ___'_ __ _ _(_)_ __  __ _ \ \ \ \
( ( )\___ | '_ | '_| | '_ \/ _` | \ \ \ \
 \\/  ___)| |_)| | | | | || (_| |  ) ) ) )
  '  |____| .__|_| |_|_| |_\__, | / / / /
 =========|_|==============|___/=/_/_/_/
 :: Spring Boot ::        (v2.1.7.RELEASE)

2022-11-23 16:35:19.388  INFO 39040 --- [    Test worker] c.s.b.s.web.HelloControllerTest          : Starting HelloControllerTest on MinGyuPC with PID 39040 (started by mingy in C:\SpringBootStudy\springbootstudy)
2022-11-23 16:35:19.388  INFO 39040 --- [    Test worker] c.s.b.s.web.HelloControllerTest          : The following profiles are active: oauth
2022-11-23 16:35:19.553  INFO 39040 --- [    Test worker] o.s.s.concurrent.ThreadPoolTaskExecutor  : Initializing ExecutorService 'applicationTaskExecutor'
2022-11-23 16:35:19.567  INFO 39040 --- [    Test worker] o.s.b.a.w.s.WelcomePageHandlerMapping    : Adding welcome page template: index
2022-11-23 16:35:19.648  INFO 39040 --- [    Test worker] .s.s.UserDetailsServiceAutoConfiguration : 

Using generated security password: 81d9286f-d7a5-4cf4-8cf1-e670fe711b63

2022-11-23 16:35:19.700  INFO 39040 --- [    Test worker] o.s.s.web.DefaultSecurityFilterChain     : Creating filter chain: any request, [org.springframework.security.web.context.request.async.WebAsyncManagerIntegrationFilter@6e6bb211, org.springframework.security.web.context.SecurityContextPersistenceFilter@248227db, org.springframework.security.web.header.HeaderWriterFilter@b0bd567, org.springframework.security.web.csrf.CsrfFilter@147c00c7, org.springframework.security.web.authentication.logout.LogoutFilter@5b71ccf2, org.springframework.security.web.authentication.UsernamePasswordAuthenticationFilter@3b4a77be, org.springframework.security.web.authentication.ui.DefaultLoginPageGeneratingFilter@9223122, org.springframework.security.web.authentication.ui.DefaultLogoutPageGeneratingFilter@5926f291, org.springframework.security.web.authentication.www.BasicAuthenticationFilter@d2161b6, org.springframework.security.web.savedrequest.RequestCacheAwareFilter@fb69ab1, org.springframework.security.web.servletapi.SecurityContextHolderAwareRequestFilter@5ac3c6cd, org.springframework.security.web.authentication.AnonymousAuthenticationFilter@5f0c04d2, org.springframework.security.web.session.SessionManagementFilter@7f8586f9, org.springframework.security.web.access.ExceptionTranslationFilter@45add64c, org.springframework.security.web.access.intercept.FilterSecurityInterceptor@27449f65]
2022-11-23 16:35:19.705  INFO 39040 --- [    Test worker] o.s.b.t.m.w.SpringBootMockServletContext : Initializing Spring TestDispatcherServlet ''
2022-11-23 16:35:19.705  INFO 39040 --- [    Test worker] o.s.t.web.servlet.TestDispatcherServlet  : Initializing Servlet ''
2022-11-23 16:35:19.706  INFO 39040 --- [    Test worker] o.s.t.web.servlet.TestDispatcherServlet  : Completed initialization in 1 ms
2022-11-23 16:35:19.716  INFO 39040 --- [    Test worker] c.s.b.s.web.HelloControllerTest          : Started HelloControllerTest in 0.348 seconds (JVM running for 6.251)
]]></system-out>
  <system-err><![CDATA[]]></system-err>
</testsuite>
