<?xml version="1.0" encoding="UTF-8"?>
<testsuite name="com.springbootstudy.book.springboot.web.ProfileControllerTest" tests="1" skipped="0" failures="0" errors="0" timestamp="2022-11-23T07:35:19" hostname="MINGYUPC" time="0.009">
  <properties/>
  <testcase name="profile은_인증없이_호출된다" classname="com.springbootstudy.book.springboot.web.ProfileControllerTest" time="0.009"/>
  <system-out><![CDATA[2022-11-23 16:35:19.839  INFO 39040 --- [    Test worker] .b.t.c.SpringBootTestContextBootstrapper : Neither @ContextConfiguration nor @ContextHierarchy found for test class [com.springbootstudy.book.springboot.web.ProfileControllerTest], using SpringBootContextLoader
2022-11-23 16:35:19.840  INFO 39040 --- [    Test worker] o.s.t.c.support.AbstractContextLoader    : Could not detect default resource locations for test class [com.springbootstudy.book.springboot.web.ProfileControllerTest]: no resource found for suffixes {-context.xml, Context.groovy}.
2022-11-23 16:35:19.840  INFO 39040 --- [    Test worker] t.c.s.AnnotationConfigContextLoaderUtils : Could not detect default configuration classes for test class [com.springbootstudy.book.springboot.web.ProfileControllerTest]: ProfileControllerTest does not declare any static, non-private, non-final, nested classes annotated with @Configuration.
2022-11-23 16:35:19.840  INFO 39040 --- [    Test worker] .b.t.c.SpringBootTestContextBootstrapper : Found @SpringBootConfiguration com.springbootstudy.book.springboot.Application for test class com.springbootstudy.book.springboot.web.ProfileControllerTest
2022-11-23 16:35:19.841  INFO 39040 --- [    Test worker] .b.t.c.SpringBootTestContextBootstrapper : Loaded default TestExecutionListener class names from location [META-INF/spring.factories]: [org.springframework.security.test.context.support.WithSecurityContextTestExecutionListener, org.springframework.security.test.context.support.ReactorContextTestExecutionListener, org.springframework.boot.test.autoconfigure.restdocs.RestDocsTestExecutionListener, org.springframework.boot.test.autoconfigure.web.client.MockRestServiceServerResetTestExecutionListener, org.springframework.boot.test.autoconfigure.web.servlet.MockMvcPrintOnlyOnFailureTestExecutionListener, org.springframework.boot.test.autoconfigure.web.servlet.WebDriverTestExecutionListener, org.springframework.boot.test.mock.mockito.MockitoTestExecutionListener, org.springframework.boot.test.mock.mockito.ResetMocksTestExecutionListener, org.springframework.test.context.web.ServletTestExecutionListener, org.springframework.test.context.support.DirtiesContextBeforeModesTestExecutionListener, org.springframework.test.context.support.DependencyInjectionTestExecutionListener, org.springframework.test.context.support.DirtiesContextTestExecutionListener, org.springframework.test.context.transaction.TransactionalTestExecutionListener, org.springframework.test.context.jdbc.SqlScriptsTestExecutionListener]
2022-11-23 16:35:19.841  INFO 39040 --- [    Test worker] .b.t.c.SpringBootTestContextBootstrapper : Using TestExecutionListeners: [org.springframework.test.context.web.ServletTestExecutionListener@7f6b3f4c, org.springframework.test.context.support.DirtiesContextBeforeModesTestExecutionListener@33f5d807, org.springframework.boot.test.mock.mockito.MockitoTestExecutionListener@6a7db16e, org.springframework.boot.test.autoconfigure.SpringBootDependencyInjectionTestExecutionListener@5acbef42, org.springframework.test.context.support.DirtiesContextTestExecutionListener@7cfc2a08, org.springframework.test.context.transaction.TransactionalTestExecutionListener@61d4e070, org.springframework.test.context.jdbc.SqlScriptsTestExecutionListener@66a5cbe5, org.springframework.security.test.context.support.WithSecurityContextTestExecutionListener@6311898c, org.springframework.security.test.context.support.ReactorContextTestExecutionListener@7ea0438c, org.springframework.boot.test.autoconfigure.restdocs.RestDocsTestExecutionListener@3831fb48, org.springframework.boot.test.autoconfigure.web.client.MockRestServiceServerResetTestExecutionListener@7083e548, org.springframework.boot.test.autoconfigure.web.servlet.MockMvcPrintOnlyOnFailureTestExecutionListener@1f315f3d, org.springframework.boot.test.autoconfigure.web.servlet.WebDriverTestExecutionListener@63f1d374, org.springframework.boot.test.mock.mockito.ResetMocksTestExecutionListener@54ad9ff9]
]]></system-out>
  <system-err><![CDATA[]]></system-err>
</testsuite>
